[awkernel USB diag OK]
[        13993 INFO] xHCI: PL2303 console writer registered (slot=2)
[        14011 INFO] xHCI: attaching 0000:e1:00.4, Device ID = 1557, PCIe Class = SerialBusController
[        14038 DEBUG] awkernel_drivers/src/pcie/usb/xhci/mod.rs:428: xHCI: CAPLENGTH=0x20 HCSPARAMS1=0x04000840 HCSPARAMS2=0x140000f1 HCCPARAMS1=0x0118ffc5 DBOFF=0x00002000 RTSOFF=0x00001000
[        14088 INFO] xHCI: 0000:e1:00.4 xHCI: HCIVERSION=0x0120 ports=4 slots=64 interrupters=8
[        14113 INFO] xHCI: cmd_ring_phys=0x000000000f208000  evt_seg_phys=0x000000000f20a000  erst_phys=0x000000000f20c000
[        14145 INFO] xHCI: 0000:e1:00.4 xHCI: reset complete
[        14161 INFO] xHCI: 0000:e1:00.4 xHCI: BUS_MASTER confirmed set
[        14180 INFO] xHCI: 0000:e1:00.4 xHCI: dcbaa=0x000000000f20e000 crcr=0x000000000f208000 erst=0x000000000f20c000 erdp=0x000000000f20a000
[        14217 INFO] xHCI: 0000:e1:00.4 xHCI: scratchpad count=2
[        14234 INFO] xHCI: 0000:e1:00.4 xHCI: scratchpad array phys=0x000000000f210000
[        14257 INFO] xHCI: 0000:e1:00.4 xHCI: MSI-X interrupt registered
[        14276 INFO] x2APIC: IRQ #66 has been disabled on CPU#0.
[        14293 INFO] xHCI: 0000:e1:00.4 xHCI: controller running (INTE=true)
[        14313 DEBUG] awkernel_drivers/src/pcie/usb/xhci/mod.rs:764: xHCI: 0000:e1:00.4 xHCI: NOOP command enqueued
[        14343 INFO] xHCI: 0000:e1:00.4 xHCI: NOOP command OK — command ring is alive
[        14866 INFO] xHCI: 0000:e1:00.4 xHCI: no device found at boot
[        14884 INFO] PCIe: segment_group = 0000
Bus #00
    0000:00:00.0: Vendor ID = 1022, Device ID = 153a, PCIe Class = BridgeDevice(HostBridge)
    0000:00:00.2: Vendor ID = 1022, Device ID = 153b, PCIe Class = BaseSystemPeripheral
    0000:00:01.0: Vendor ID = 1022, Device ID = 153d, PCIe Class = BridgeDevice(HostBridge)
    0000:00:01.1: Bridge, Bus #01, status = [Capabilities List], command = [Bus Master, Memory Space, IO Space]
        0000:01:00.0: Vendor ID = 10de, Device ID = 2b85, PCIe Class = DisplayController
        0000:01:00.1: Vendor ID = 10de, Device ID = 22e8, PCIe Class = MultimediaController
    0000:00:02.0: Vendor ID = 1022, Device ID = 153d, PCIe Class = BridgeDevice(HostBridge)
    0000:00:03.0: Vendor ID = 1022, Device ID = 153d, PCIe Class = BridgeDevice(HostBridge)
    0000:00:04.0: Vendor ID = 1022, Device ID = 153d, PCIe Class = BridgeDevice(HostBridge)
    0000:00:05.0: Vendor ID = 1022, Device ID = 153d, PCIe Class = BridgeDevice(HostBridge)
    0000:00:07.0: Vendor ID = 1022, Device ID = 153d, PCIe Class = BridgeDevice(HostBridge)
    0000:00:07.1: Bridge, Bus #02, status = [Capabilities List], command = [Bus Master, Memory Space, IO Space]
        0000:02:00.0: Vendor ID = 1022, Device ID = 1556, PCIe Class = NonEssentialInstrumentation
    0000:00:14.0: Vendor ID = 1022, Device ID = 790b, PCIe Class = SerialBusController
    0000:00:14.3: Vendor ID = 1022, Device ID = 790e, PCIe Class = BridgeDevice(ISA)
    0000:00:18.0: Vendor ID = 1022, Device ID = 12c0, PCIe Class = BridgeDevice(HostBridge)
    0000:00:18.1: Vendor ID = 1022, Device ID = 12c1, PCIe Class = BridgeDevice(HostBridge)
    0000:00:18.2: Vendor ID = 1022, Device ID = 12c2, PCIe Class = BridgeDevice(HostBridge)
    0000:00:18.3: Vendor ID = 1022, Device ID = 12c3, PCIe Class = BridgeDevice(HostBridge)
    0000:00:18.4: Vendor ID = 1022, Device ID = 12c4, PCIe Class = BridgeDevice(HostBridge)
    0000:00:18.5: Vendor ID = 1022, Device ID = 12c5, PCIe Class = BridgeDevice(HostBridge)
    0000:00:18.6: Vendor ID = 1022, Device ID = 12c6, PCIe Class = BridgeDevice(HostBridge)
    0000:00:18.7: Vendor ID = 1022, Device ID = 12c7, PCIe Class = BridgeDevice(HostBridge)
Bus #20
    0000:20:00.0: Vendor ID = 1022, Device ID = 153a, PCIe Class = BridgeDevice(HostBridge)
    0000:20:01.0: Vendor ID = 1022, Device ID = 153d, PCIe Class = BridgeDevice(HostBridge)
    0000:20:02.0: Vendor ID = 1022, Device ID = 153d, PCIe Class = BridgeDevice(HostBridge)
Bus #40
    0000:40:00.0: Vendor ID = 1022, Device ID = 153a, PCIe Class = BridgeDevice(HostBridge)
    0000:40:00.2: Vendor ID = 1022, Device ID = 153b, PCIe Class = BaseSystemPeripheral                                                                                                             
    0000:40:01.0: Vendor ID = 1022, Device ID = 153d, PCIe Class = BridgeDevice(HostBridge)
    0000:40:02.0: Vendor ID = 1022, Device ID = 153d, PCIe Class = BridgeDevice(HostBridge)
    0000:40:03.0: Vendor ID = 1022, Device ID = 153d, PCIe Class = BridgeDevice(HostBridge)
    0000:40:04.0: Vendor ID = 1022, Device ID = 153d, PCIe Class = BridgeDevice(HostBridge)
    0000:40:05.0: Vendor ID = 1022, Device ID = 153d, PCIe Class = BridgeDevice(HostBridge)
    0000:40:07.0: Vendor ID = 1022, Device ID = 153d, PCIe Class = BridgeDevice(HostBridge)
    0000:40:07.1: Bridge, Bus #41, status = [Capabilities List], command = [Bus Master, Memory Space, IO Space]
        0000:41:00.0: Vendor ID = 1022, Device ID = 1556, PCIe Class = NonEssentialInstrumentation
        0000:41:00.4 xHCI
        0000:41:00.7: Vendor ID = 1022, Device ID = 14cc, PCIe Class = MultimediaController
Bus #60
    0000:60:00.0: Vendor ID = 1022, Device ID = 153a, PCIe Class = BridgeDevice(HostBridge)
    0000:60:01.0: Vendor ID = 1022, Device ID = 153d, PCIe Class = BridgeDevice(HostBridge)
    0000:60:01.2: Bridge, Bus #61, status = [Capabilities List], command = [Bus Master, Memory Space, IO Space]
        0000:61:00.0: Aquantia AQC Atlantic Ethernet Controller, status = [Capabilities List], command = [Bus Master, Memory Space]
    0000:60:01.3: Bridge, Bus #62, status = [Capabilities List], command = [Bus Master, Memory Space, IO Space]
        0000:62:00.0: Intel I225/I226 2.5 GbE, status = [Capabilities List], command = [Interrupt Disable, Bus Master, Memory Space]
    0000:60:01.4: Bridge, Bus #63, status = [Capabilities List], command = [Bus Master, Memory Space, IO Space]
        0000:63:00.0: Vendor ID = 14c3, Device ID = 7925, PCIe Class = NetworkController
    0000:60:01.5: Bridge, Bus #64, status = [Capabilities List], command = [Bus Master, Memory Space, IO Space]
        0000:64:00.0 xHCI
    0000:60:01.6: Bridge, Bus #65, status = [Capabilities List], command = [Bus Master, Memory Space, IO Space]
        0000:65:00.0: Bridge, Bus #66, status = [Capabilities List], command = [Bus Master, Memory Space, IO Space]
            0000:66:0c.0: Bridge, Bus #67, status = [Capabilities List], command = [Bus Master, Memory Space, IO Space]
                0000:67:00.0 xHCI
            0000:66:0d.0: Bridge, Bus #68, status = [Capabilities List], command = [Bus Master, Memory Space, IO Space]
                0000:68:00.0: Vendor ID = 1022, Device ID = 43f6, PCIe Class = MassStorageController(SerialAta)
    0000:60:02.0: Vendor ID = 1022, Device ID = 153d, PCIe Class = BridgeDevice(HostBridge)
Bus #80
    0000:80:00.0: Vendor ID = 1022, Device ID = 153a, PCIe Class = BridgeDevice(HostBridge)
    0000:80:01.0: Vendor ID = 1022, Device ID = 153d, PCIe Class = BridgeDevice(HostBridge)
    0000:80:02.0: Vendor ID = 1022, Device ID = 153d, PCIe Class = BridgeDevice(HostBridge)
Bus #a0
    0000:a0:00.0: Vendor ID = 1022, Device ID = 153a, PCIe Class = BridgeDevice(HostBridge)
    0000:a0:00.2: Vendor ID = 1022, Device ID = 153b, PCIe Class = BaseSystemPeripheral
    0000:a0:01.0: Vendor ID = 1022, Device ID = 153d, PCIe Class = BridgeDevice(HostBridge)
    0000:a0:02.0: Vendor ID = 1022, Device ID = 153d, PCIe Class = BridgeDevice(HostBridge)
    0000:a0:03.0: Vendor ID = 1022, Device ID = 153d, PCIe Class = BridgeDevice(HostBridge)
    0000:a0:03.1: Bridge, Bus #a1, status = [Capabilities List], command = [Bus Master, Memory Space, IO Space]
    0000:a0:03.2: Bridge, Bus #a2, status = [Capabilities List], command = [Bus Master, Memory Space, IO Space]
    0000:a0:03.3: Bridge, Bus #a3, status = [Capabilities List], command = [Bus Master, Memory Space, IO Space]
    0000:a0:03.4: Bridge, Bus #a4, status = [Capabilities List], command = [Bus Master, Memory Space, IO Space]
    0000:a0:03.5: Bridge, Bus #a5, status = [Capabilities List], command = [Bus Master, Memory Space, IO Space]
    0000:a0:03.6: Bridge, Bus #a6, status = [Capabilities List], command = [Bus Master, Memory Space, IO Space]
    0000:a0:03.7: Bridge, Bus #a7, status = [Capabilities List], command = [Bus Master, Memory Space, IO Space]
    0000:a0:04.0: Vendor ID = 1022, Device ID = 153d, PCIe Class = BridgeDevice(HostBridge)
    0000:a0:04.1: Bridge, Bus #a8, status = [Capabilities List], command = [Bus Master, Memory Space, IO Space]
    0000:a0:05.0: Vendor ID = 1022, Device ID = 153d, PCIe Class = BridgeDevice(HostBridge)
    0000:a0:07.0: Vendor ID = 1022, Device ID = 153d, PCIe Class = BridgeDevice(HostBridge)
    0000:a0:07.1: Bridge, Bus #a9, status = [Capabilities List], command = [Bus Master, Memory Space, IO Space]
        0000:a9:00.0: Vendor ID = 1022, Device ID = 1556, PCIe Class = NonEssentialInstrumentation
        0000:a9:00.5: Vendor ID = 1022, Device ID = 156e, PCIe Class = EncryptionController
Bus #c0
    0000:c0:00.0: Vendor ID = 1022, Device ID = 153a, PCIe Class = BridgeDevice(HostBridge)
    0000:c0:01.0: Vendor ID = 1022, Device ID = 153d, PCIe Class = BridgeDevice(HostBridge)
    0000:c0:01.1: Bridge, Bus #c1, status = [Capabilities List], command = [Bus Master, Memory Space, IO Space]
        0000:c1:00.0: Vendor ID = 144d, Device ID = a80c, PCIe Class = MassStorageController(Nvm(NvmExpressIOController))
    0000:c0:02.0: Vendor ID = 1022, Device ID = 153d, PCIe Class = BridgeDevice(HostBridge)
Bus #e0
    0000:e0:00.0: Vendor ID = 1022, Device ID = 153a, PCIe Class = BridgeDevice(HostBridge)
    0000:e0:00.2: Vendor ID = 1022, Device ID = 153b, PCIe Class = BaseSystemPeripheral
    0000:e0:01.0: Vendor ID = 1022, Device ID = 153d, PCIe Class = BridgeDevice(HostBridge)
    0000:e0:02.0: Vendor ID = 1022, Device ID = 153d, PCIe Class = BridgeDevice(HostBridge)
    0000:e0:03.0: Vendor ID = 1022, Device ID = 153d, PCIe Class = BridgeDevice(HostBridge)
    0000:e0:04.0: Vendor ID = 1022, Device ID = 153d, PCIe Class = BridgeDevice(HostBridge)
    0000:e0:05.0: Vendor ID = 1022, Device ID = 153d, PCIe Class = BridgeDevice(HostBridge)
    0000:e0:07.0: Vendor ID = 1022, Device ID = 153d, PCIe Class = BridgeDevice(HostBridge)
    0000:e0:07.1: Bridge, Bus #e1, status = [Capabilities List], command = [Bus Master, Memory Space, IO Space]
        0000:e1:00.0: Vendor ID = 1022, Device ID = 1556, PCIe Class = NonEssentialInstrumentation
        0000:e1:00.4 xHCI

[        18317 INFO] CPU#1 is starting.
[        18327 INFO] CPU#2 is starting.
[        18338 INFO] CPU#3 is starting.
[        18349 INFO] CPU#5 is starting.
[        18359 INFO] CPU#4 is starting.
[        18370 INFO] CPU#7 is starting.
[        18380 INFO] CPU#6 is starting.
[        18391 INFO] CPU#8 is starting.
[        18402 INFO] CPU#9 is starting.
[        18412 INFO] CPU#10 is starting.
[        18423 INFO] CPU#11 is starting.
[        18434 INFO] CPU#13 is starting.
[        18445 INFO] CPU#12 is starting.
[        18456 INFO] CPU#15 is starting.
[        18467 INFO] CPU#14 is starting.
[        18477 INFO] CPU#16 is starting.
[        18488 INFO] CPU#17 is starting.
[        18499 INFO] CPU#19 is starting.
[        18510 INFO] CPU#18 is starting.
[        18521 INFO] CPU#21 is starting.
[        18532 INFO] CPU#20 is starting.
[        18543 INFO] CPU#22 is starting.
[        18553 INFO] CPU#23 is starting.
[        18564 INFO] CPU#24 is starting.
[        18575 INFO] CPU#25 is starting.
[        18586 INFO] CPU#26 is starting.
[        18597 INFO] CPU#27 is starting.
[        18608 INFO] CPU#29 is starting.
[        18619 INFO] CPU#28 is starting.
[        18629 INFO] CPU#31 is starting.
[        18640 INFO] CPU#30 is starting.
[        18651 INFO] CPU#32 is starting.
[        18662 INFO] CPU#33 is starting.
[        18673 INFO] CPU#34 is starting.
[        18684 INFO] CPU#35 is starting.
[        18695 INFO] CPU#37 is starting.
[        18705 INFO] CPU#36 is starting.
[        18716 INFO] CPU#39 is starting.
[        18727 INFO] CPU#38 is starting.
[        18738 INFO] CPU#40 is starting.
[        18749 INFO] CPU#41 is starting.
[        18760 INFO] CPU#43 is starting.
[        18771 INFO] CPU#42 is starting.
[        18781 INFO] CPU#45 is starting.
[        18792 INFO] CPU#44 is starting.
[        18803 INFO] CPU#46 is starting.
[        18814 INFO] Synchronized TSCs.
[        18825 INFO] CPU#47 is starting.
[        18841 INFO] All CPUs are ready.
[        18852 INFO] RTC time: 2026-05-08 13:55:15
[        18865 INFO] CPU#0 is starting.
[        18876 INFO] x2APIC: IRQ #254 has been enabled on CPU#0.
[        18893 INFO] interrupt::INTERRUPT_CONTROLLER has been initialized.
[        18913 INFO] interrupt::PREEMPT_FN has been initialized.
[        18930 INFO] timer::TIMER has been initialized.
[        18944 INFO] x2APIC: IRQ #255 has been enabled on CPU#9.
[        18961 INFO] x2APIC: IRQ #255 has been enabled on CPU#1.
[        18978 INFO] x2APIC: IRQ #254 has been enabled on CPU#1.
[        18996 INFO] x2APIC: IRQ #255 has been enabled on CPU#5.
[        19013 INFO] x2APIC: IRQ #253 has been enabled on CPU#1.
[        19030 INFO] x2APIC: IRQ #255 has been enabled on CPU#4.
[        19047 INFO] x2APIC: IRQ #254 has been enabled on CPU#5.
[        19064 INFO] x2APIC: IRQ #254 has been enabled on CPU#4.
[        19081 INFO] x2APIC: IRQ #253 has been enabled on CPU#5.
[        19098 INFO] x2APIC: IRQ #253 has been enabled on CPU#4.
[        19115 INFO] x2APIC: IRQ #255 has been enabled on CPU#6.
[        19132 INFO] x2APIC: IRQ #255 has been enabled on CPU#2.
[        19149 INFO] x2APIC: IRQ #255 has been enabled on CPU#7.
[        19166 INFO] x2APIC: IRQ #254 has been enabled on CPU#6.
[        19183 INFO] x2APIC: IRQ #254 has been enabled on CPU#7.
[        19200 INFO] x2APIC: IRQ #253 has been enabled on CPU#6.
[        19217 INFO] x2APIC: IRQ #253 has been enabled on CPU#7.
[        19234 INFO] x2APIC: IRQ #255 has been enabled on CPU#8.
[        19251 INFO] x2APIC: IRQ #254 has been enabled on CPU#9.
[        19268 INFO] x2APIC: IRQ #254 has been enabled on CPU#8.
[        19286 INFO] x2APIC: IRQ #253 has been enabled on CPU#8.
[        19303 INFO] x2APIC: IRQ #253 has been enabled on CPU#9.
[        19320 INFO] x2APIC: IRQ #255 has been enabled on CPU#10.
[        19337 INFO] x2APIC: IRQ #255 has been enabled on CPU#11.
[        19354 INFO] x2APIC: IRQ #254 has been enabled on CPU#10.
[        19372 INFO] x2APIC: IRQ #254 has been enabled on CPU#11.
[        19389 INFO] x2APIC: IRQ #253 has been enabled on CPU#10.
[        19406 INFO] x2APIC: IRQ #253 has been enabled on CPU#11.
[        19424 INFO] x2APIC: IRQ #255 has been enabled on CPU#3.
[        19441 INFO] x2APIC: IRQ #254 has been enabled on CPU#2.
[        19458 INFO] x2APIC: IRQ #254 has been enabled on CPU#3.
[        19475 INFO] x2APIC: IRQ #253 has been enabled on CPU#2.
[        19492 INFO] x2APIC: IRQ #253 has been enabled on CPU#3.
[        19509 INFO] x2APIC: IRQ #255 has been enabled on CPU#41.
[        19526 INFO] x2APIC: IRQ #255 has been enabled on CPU#40.
[        19543 INFO] x2APIC: IRQ #254 has been enabled on CPU#41.
[        19561 INFO] x2APIC: IRQ #254 has been enabled on CPU#40.
[        19578 INFO] x2APIC: IRQ #253 has been enabled on CPU#41.
[        19595 INFO] x2APIC: IRQ #253 has been enabled on CPU#40.
[        19613 INFO] x2APIC: IRQ #255 has been enabled on CPU#42.
[        19630 INFO] x2APIC: IRQ #255 has been enabled on CPU#37.
[        19647 INFO] x2APIC: IRQ #255 has been enabled on CPU#36.
[        19665 INFO] x2APIC: IRQ #254 has been enabled on CPU#37.
[        19682 INFO] x2APIC: IRQ #254 has been enabled on CPU#36.
[        19699 INFO] x2APIC: IRQ #255 has been enabled on CPU#43.
[        19717 INFO] x2APIC: IRQ #253 has been enabled on CPU#37.
[        19734 INFO] x2APIC: IRQ #254 has been enabled on CPU#42.
[        19751 INFO] x2APIC: IRQ #253 has been enabled on CPU#36.
[        19769 INFO] x2APIC: IRQ #254 has been enabled on CPU#43.
[        19786 INFO] x2APIC: IRQ #253 has been enabled on CPU#42.
[        19803 INFO] x2APIC: IRQ #253 has been enabled on CPU#43.
[        19821 INFO] x2APIC: IRQ #255 has been enabled on CPU#45.
[        19838 INFO] x2APIC: IRQ #255 has been enabled on CPU#44.
[        19855 INFO] x2APIC: IRQ #254 has been enabled on CPU#45.
[        19873 INFO] x2APIC: IRQ #254 has been enabled on CPU#44.
[        19890 INFO] x2APIC: IRQ #253 has been enabled on CPU#44.
[        19907 INFO] x2APIC: IRQ #253 has been enabled on CPU#45.
[        19925 INFO] x2APIC: IRQ #255 has been enabled on CPU#46.
[        19942 INFO] x2APIC: IRQ #255 has been enabled on CPU#47.
[        19959 INFO] x2APIC: IRQ #254 has been enabled on CPU#46.
[        19976 INFO] x2APIC: IRQ #254 has been enabled on CPU#47.
[        19994 INFO] x2APIC: IRQ #253 has been enabled on CPU#46.
[        20011 INFO] x2APIC: IRQ #253 has been enabled on CPU#47.
[        20028 INFO] x2APIC: IRQ #255 has been enabled on CPU#38.
[        20046 INFO] x2APIC: IRQ #255 has been enabled on CPU#39.
[        20063 INFO] x2APIC: IRQ #254 has been enabled on CPU#38.
[        20080 INFO] x2APIC: IRQ #254 has been enabled on CPU#39.
[        20098 INFO] x2APIC: IRQ #253 has been enabled on CPU#38.
[        20115 INFO] x2APIC: IRQ #253 has been enabled on CPU#39.
[        20132 INFO] x2APIC: IRQ #255 has been enabled on CPU#28.
[        20150 INFO] x2APIC: IRQ #255 has been enabled on CPU#29.
[        20167 INFO] x2APIC: IRQ #254 has been enabled on CPU#28.
[        20184 INFO] x2APIC: IRQ #254 has been enabled on CPU#29.
[        20202 INFO] x2APIC: IRQ #253 has been enabled on CPU#28.
[        20219 INFO] x2APIC: IRQ #253 has been enabled on CPU#29.
[        20236 INFO] x2APIC: IRQ #255 has been enabled on CPU#31.
[        20254 INFO] x2APIC: IRQ #255 has been enabled on CPU#32.
[        20271 INFO] x2APIC: IRQ #255 has been enabled on CPU#33.
[        20288 INFO] x2APIC: IRQ #254 has been enabled on CPU#32.
[        20306 INFO] x2APIC: IRQ #254 has been enabled on CPU#33.
[        20323 INFO] x2APIC: IRQ #255 has been enabled on CPU#30.
[        20340 INFO] x2APIC: IRQ #254 has been enabled on CPU#31.
[        20357 INFO] x2APIC: IRQ #254 has been enabled on CPU#30.
[        20375 INFO] x2APIC: IRQ #255 has been enabled on CPU#25.
[        20392 INFO] x2APIC: IRQ #253 has been enabled on CPU#31.
[        20409 INFO] x2APIC: IRQ #255 has been enabled on CPU#24.
[        20427 INFO] x2APIC: IRQ #253 has been enabled on CPU#30.
[        20444 INFO] x2APIC: IRQ #254 has been enabled on CPU#24.
[        20461 INFO] x2APIC: IRQ #254 has been enabled on CPU#25.
[        20479 INFO] x2APIC: IRQ #253 has been enabled on CPU#24.
[        20496 INFO] x2APIC: IRQ #253 has been enabled on CPU#25.
[        20513 INFO] x2APIC: IRQ #255 has been enabled on CPU#27.
[        20531 INFO] x2APIC: IRQ #255 has been enabled on CPU#26.
[        20548 INFO] x2APIC: IRQ #254 has been enabled on CPU#27.
[        20565 INFO] x2APIC: IRQ #254 has been enabled on CPU#26.
[        20583 INFO] x2APIC: IRQ #253 has been enabled on CPU#27.
[        20600 INFO] x2APIC: IRQ #253 has been enabled on CPU#26.
[        20617 INFO] x2APIC: IRQ #253 has been enabled on CPU#33.
[        20635 INFO] x2APIC: IRQ #253 has been enabled on CPU#32.
[        20652 INFO] x2APIC: IRQ #255 has been enabled on CPU#34.
[        20669 INFO] x2APIC: IRQ #255 has been enabled on CPU#35.
[        20687 INFO] x2APIC: IRQ #254 has been enabled on CPU#34.
[        20704 INFO] x2APIC: IRQ #254 has been enabled on CPU#35.
[        20721 INFO] x2APIC: IRQ #253 has been enabled on CPU#34.
[        20738 INFO] x2APIC: IRQ #253 has been enabled on CPU#35.
[        20756 INFO] x2APIC: IRQ #255 has been enabled on CPU#16.
[        20773 INFO] x2APIC: IRQ #255 has been enabled on CPU#17.
[        20790 INFO] x2APIC: IRQ #254 has been enabled on CPU#16.
[        20808 INFO] x2APIC: IRQ #254 has been enabled on CPU#17.
[        20825 INFO] x2APIC: IRQ #253 has been enabled on CPU#16.
[        20842 INFO] x2APIC: IRQ #253 has been enabled on CPU#17.
[        20860 INFO] x2APIC: IRQ #255 has been enabled on CPU#19.
[        20877 INFO] x2APIC: IRQ #255 has been enabled on CPU#18.
[        20894 INFO] x2APIC: IRQ #254 has been enabled on CPU#19.
[        20912 INFO] x2APIC: IRQ #255 has been enabled on CPU#20.
[        20929 INFO] x2APIC: IRQ #255 has been enabled on CPU#21.
[        20946 INFO] x2APIC: IRQ #254 has been enabled on CPU#20.
[        20964 INFO] x2APIC: IRQ #254 has been enabled on CPU#21.
[        20981 INFO] x2APIC: IRQ #255 has been enabled on CPU#13.
[        20998 INFO] x2APIC: IRQ #255 has been enabled on CPU#12.
[        21016 INFO] x2APIC: IRQ #254 has been enabled on CPU#13.
[        21033 INFO] x2APIC: IRQ #254 has been enabled on CPU#12.
[        21050 INFO] x2APIC: IRQ #253 has been enabled on CPU#13.
[        21068 INFO] x2APIC: IRQ #254 has been enabled on CPU#18.
[        21085 INFO] x2APIC: IRQ #255 has been enabled on CPU#15.
[        21102 INFO] x2APIC: IRQ #253 has been enabled on CPU#20.
[        21119 INFO] x2APIC: IRQ #254 has been enabled on CPU#15.
[        21137 INFO] x2APIC: IRQ #255 has been enabled on CPU#22.
[        21154 INFO] x2APIC: IRQ #255 has been enabled on CPU#23.
[        21171 INFO] x2APIC: IRQ #253 has been enabled on CPU#21.
[        21189 INFO] x2APIC: IRQ #253 has been enabled on CPU#12.
[        21206 INFO] x2APIC: IRQ #253 has been enabled on CPU#15.
[        21223 INFO] x2APIC: IRQ #255 has been enabled on CPU#14.
[        21241 INFO] x2APIC: IRQ #254 has been enabled on CPU#14.
[        21258 INFO] x2APIC: IRQ #253 has been enabled on CPU#14.
[        21275 INFO] x2APIC: IRQ #253 has been enabled on CPU#18.
[        21293 INFO] x2APIC: IRQ #253 has been enabled on CPU#19.
[        21310 INFO] x2APIC: IRQ #254 has been enabled on CPU#22.
[        21327 INFO] x2APIC: IRQ #254 has been enabled on CPU#23.
[        21345 INFO] x2APIC: IRQ #253 has been enabled on CPU#22.
[        21362 INFO] x2APIC: IRQ #253 has been enabled on CPU#23.
[        21379 INFO] x2APIC: IRQ #253 has been enabled on CPU#0.
[        21396 INFO] A local timer has been initialized.
[        21411 INFO] Watchdog: will reboot in 60 seconds
[        21411 INFO] Starting [Awkernel] network service.
[        21411 INFO] Network service: TCP garbage collector spawned
[        21411 INFO] Network service: Network interface poller spawned
[        21411 INFO] Network service: Getting all interfaces
[        21411 INFO] net::get_all_interface: start
[        21411 INFO] net::get_all_interface: lock acquired
[        21411 INFO] net::get_all_interface: ids collected = 2
[        21411 INFO] Waking atl-0000:61:00.0 up.
[        21411 DEBUG] /home/nokosan/wd/awkernel/applications/awkernel_services/src/network_service.rs:43: Interface: id=0, name=atl-0000:61:00.0
[        21412 INFO] x2APIC: IRQ #66 has been enabled on CPU#1.
[        21412 INFO] Network service: Interface atl-0000:61:00.0 brought up
[        21412 INFO] Network service: Handlers for atl-0000:61:00.0 spawned
[        21412 INFO] Waking igc up.
[        21412 DEBUG] /home/nokosan/wd/awkernel/applications/awkernel_services/src/network_service.rs:43: Interface: id=1, name=igc
[        21422 DEBUG] awkernel_drivers/src/pcie/intel/igc.rs:1349: igc: link up: speed=Speed1000, duplex=Full
[        21422 INFO] igc: link status changed: Up (Full Duplex)
[        21435 DEBUG] awkernel_drivers/src/pcie/intel/igc.rs:1362: igc: link down
[        21435 INFO] igc: link status changed: Down
[        21435 DEBUG] awkernel_drivers/src/pcie/intel/igc.rs:805: igc: dump:
BDF: 0000:62:00.0
PCI Status Command: status = [Capabilities List], command = [Interrupt Disable, Bus Master, Memory Space]
MAC: a0:ad:9f:c8:c3:af
GPIE: 0xc0000011
EIMC: 0x000001
EIMS: 0x000001
IMS: 0x000004
EIAC: 0x000003
EIAM: 0x000003
IVAR0: 0x008080
IVAR1: 0x000000
IVAR_MISC: 0x008100
MSI-X Capability:
    header: 0x8004a011
    table offset: 0x000003
    pending bit array offset: 0x002003
MSI-X Table:
    [0] addr: 0xfee00000, addr_upper: 0x000000, data: 0x000040, vector_control: 0x000000
    [1] addr: 0xfee00000, addr_upper: 0x000000, data: 0x000041, vector_control: 0x000000
    [2] addr: 0x000000, addr_upper: 0x000000, data: 0x000000, vector_control: 0x000001
    [3] addr: 0x000000, addr_upper: 0x000000, data: 0x000000, vector_control: 0x000001
    [4] addr: 0x000000, addr_upper: 0x000000, data: 0x000000, vector_control: 0x000001
MSI-X Pending Bit Array:
    [0] 0x00000000000000
RCTL: 0x4408002
RXDCTL0: 0x2040808
RDH0: 0x000000
RDT0: 0x0003ff
RDLEN0: 0x004000
RDBAH0: 0x000000
RDBAL0: 0xf160000
TCTL: 0xa50400fa
TXDCTL0: 0x201011f
TDH0: 0x000000
TDT0: 0x000000
TDLEN0: 0x004000
TDBAH0: 0x000000
TDBAL0: 0xf165000

[        21435 INFO] Network service: Interface igc brought up
[        21435 INFO] Network service: Handlers for igc spawned
[        22411 INFO] Start [Awkernel] shell.

Welcome to Awkernel!

You can use BLisp language as follows.
https://ytakano.github.io/blisp/

> (factorial 20)
2432902008176640000
> (+ 10 20)
30

Enjoy!

> [        23411 DEBUG] /home/nokosan/wd/awkernel/applications/tests/test_dag/src/lib.rs:18: period is 1000000000 [ns]
[        23412 INFO] DAG created successfully
[        23512 DEBUG] /home/nokosan/wd/awkernel/applications/tests/test_dag/src/lib.rs:28: value=1 in reactor_source_node
[        23512 DEBUG] /home/nokosan/wd/awkernel/applications/tests/test_dag/src/lib.rs:43: value=2 in reactor_node1
[        23512 DEBUG] /home/nokosan/wd/awkernel/applications/tests/test_dag/src/lib.rs:74: value=9 in reactor_node3
[        23543 DEBUG] /home/nokosan/wd/awkernel/applications/tests/test_dag/src/lib.rs:59: value=4 in reactor_node2
[        23574 DEBUG] /home/nokosan/wd/awkernel/applications/tests/test_dag/src/lib.rs:89: value=13 in reactor_node4
[        24512 DEBUG] /home/nokosan/wd/awkernel/applications/tests/test_dag/src/lib.rs:28: value=1 in reactor_source_node
[        24512 DEBUG] /home/nokosan/wd/awkernel/applications/tests/test_dag/src/lib.rs:43: value=2 in reactor_node1
[        24512 DEBUG] /home/nokosan/wd/awkernel/applications/tests/test_dag/src/lib.rs:74: value=9 in reactor_node3
[        24543 DEBUG] /home/nokosan/wd/awkernel/applications/tests/test_dag/src/lib.rs:59: value=4 in reactor_node2
[        24574 DEBUG] /home/nokosan/wd/awkernel/applications/tests/test_dag/src/lib.rs:89: value=13 in reactor_node4
[        24595 DEBUG] awkernel_drivers/src/pcie/intel/igc.rs:1349: igc: link up: speed=Speed1000, duplex=Full
[        24595 INFO] igc: link status changed: Up (Full Duplex)
[        25512 DEBUG] /home/nokosan/wd/awkernel/applications/tests/test_dag/src/lib.rs:28: value=1 in reactor_source_node
[        25512 DEBUG] /home/nokosan/wd/awkernel/applications/tests/test_dag/src/lib.rs:43: value=2 in reactor_node1
[        25512 DEBUG] /home/nokosan/wd/awkernel/applications/tests/test_dag/src/lib.rs:74: value=9 in reactor_node3
[        25543 DEBUG] /home/nokosan/wd/awkernel/applications/tests/test_dag/src/lib.rs:59: value=4 in reactor_node2
[        25573 DEBUG] /home/nokosan/wd/awkernel/applications/tests/test_dag/src/lib.rs:89: value=13 in reactor_node4
[        26512 DEBUG] /home/nokosan/wd/awkernel/applications/tests/test_dag/src/lib.rs:28: value=1 in reactor_source_node
[        26512 DEBUG] /home/nokosan/wd/awkernel/applications/tests/test_dag/src/lib.rs:43: value=2 in reactor_node1
[        26512 DEBUG] /home/nokosan/wd/awkernel/applications/tests/test_dag/src/lib.rs:74: value=9 in reactor_node3
[        26543 DEBUG] /home/nokosan/wd/awkernel/applications/tests/test_dag/src/lib.rs:59: value=4 in reactor_node2
[        26574 DEBUG] /home/nokosan/wd/awkernel/applications/tests/test_dag/src/lib.rs:89: value=13 in reactor_node4
[        27512 DEBUG] /home/nokosan/wd/awkernel/applications/tests/test_dag/src/lib.rs:28: value=1 in reactor_source_node
[        27512 DEBUG] /home/nokosan/wd/awkernel/applications/tests/test_dag/src/lib.rs:43: value=2 in reactor_node1
[        27512 DEBUG] /home/nokosan/wd/awkernel/applications/tests/test_dag/src/lib.rs:74: value=9 in reactor_node3
[        27543 DEBUG] /home/nokosan/wd/awkernel/applications/tests/test_dag/src/lib.rs:59: value=4 in reactor_node2
[        27574 DEBUG] /home/nokosan/wd/awkernel/applications/tests/test_dag/src/lib.rs:89: value=13 in reactor_node4
[        28512 DEBUG] /home/nokosan/wd/awkernel/applications/tests/test_dag/src/lib.rs:28: value=1 in reactor_source_node
[        28512 DEBUG] /home/nokosan/wd/awkernel/applications/tests/test_dag/src/lib.rs:43: value=2 in reactor_node1
[        28512 DEBUG] /home/nokosan/wd/awkernel/applications/tests/test_dag/src/lib.rs:74: value=9 in reactor_node3
[        28543 DEBUG] /home/nokosan/wd/awkernel/applications/tests/test_dag/src/lib.rs:59: value=4 in reactor_node2
[        28574 DEBUG] /home/nokosan/wd/awkernel/applications/tests/test_dag/src/lib.rs:89: value=13 in reactor_node4
[        29512 DEBUG] /home/nokosan/wd/awkernel/applications/tests/test_dag/src/lib.rs:28: value=1 in reactor_source_node
[        29512 DEBUG] /home/nokosan/wd/awkernel/applications/tests/test_dag/src/lib.rs:43: value=2 in reactor_node1
[        29512 DEBUG] /home/nokosan/wd/awkernel/applications/tests/test_dag/src/lib.rs:74: value=9 in reactor_node3
[        29543 DEBUG] /home/nokosan/wd/awkernel/applications/tests/test_dag/src/lib.rs:59: value=4 in reactor_node2
[        29573 DEBUG] /home/nokosan/wd/awkernel/applications/tests/test_dag/src/lib.rs:89: value=13 in reactor_node4
[        30512 DEBUG] /home/nokosan/wd/awkernel/applications/tests/test_dag/src/lib.rs:28: value=1 in reactor_source_node
[        30512 DEBUG] /home/nokosan/wd/awkernel/applications/tests/test_dag/src/lib.rs:43: value=2 in reactor_node1
[        30512 DEBUG] /home/nokosan/wd/awkernel/applications/tests/test_dag/src/lib.rs:59: value=4 in reactor_node2
[        30512 DEBUG] /home/nokosan/wd/awkernel/applications/tests/test_dag/src/lib.rs:74: value=9 in reactor_node3
[        30512 DEBUG] /home/nokosan/wd/awkernel/applications/tests/test_dag/src/lib.rs:89: value=13 in reactor_node4
[        31512 DEBUG] /home/nokosan/wd/awkernel/applications/tests/test_dag/src/lib.rs:28: value=1 in reactor_source_node
[        31512 DEBUG] /home/nokosan/wd/awkernel/applications/tests/test_dag/src/lib.rs:43: value=2 in reactor_node1
[        31512 DEBUG] /home/nokosan/wd/awkernel/applications/tests/test_dag/src/lib.rs:59: value=4 in reactor_node2
[        31512 DEBUG] /home/nokosan/wd/awkernel/applications/tests/test_dag/src/lib.rs:74: value=9 in reactor_node3
[        31512 DEBUG] /home/nokosan/wd/awkernel/applications/tests/test_dag/src/lib.rs:89: value=13 in reactor_node4
[        32512 DEBUG] /home/nokosan/wd/awkernel/applications/tests/test_dag/src/lib.rs:28: value=1 in reactor_source_node
[        32512 DEBUG] /home/nokosan/wd/awkernel/applications/tests/test_dag/src/lib.rs:43: value=2 in reactor_node1
[        32512 DEBUG] /home/nokosan/wd/awkernel/applications/tests/test_dag/src/lib.rs:59: value=4 in reactor_node2
[        32512 DEBUG] /home/nokosan/wd/awkernel/applications/tests/test_dag/src/lib.rs:74: value=9 in reactor_node3
[        32512 DEBUG] /home/nokosan/wd/awkernel/applications/tests/test_dag/src/lib.rs:89: value=13 in reactor_node4
[        33512 DEBUG] /home/nokosan/wd/awkernel/applications/tests/test_dag/src/lib.rs:28: value=1 in reactor_source_node
[        33543 DEBUG] /home/nokosan/wd/awkernel/applications/tests/test_dag/src/lib.rs:43: value=2 in reactor_node1
[        33543 DEBUG] /home/nokosan/wd/awkernel/applications/tests/test_dag/src/lib.rs:59: value=4 in reactor_node2
[        33574 DEBUG] /home/nokosan/wd/awkernel/applications/tests/test_dag/src/lib.rs:74: value=9 in reactor_node3
[        33574 DEBUG] /home/nokosan/wd/awkernel/applications/tests/test_dag/src/lib.rs:89: value=13 in reactor_node4
[        34512 DEBUG] /home/nokosan/wd/awkernel/applications/tests/test_dag/src/lib.rs:28: value=1 in reactor_source_node
[        34512 DEBUG] /home/nokosan/wd/awkernel/applications/tests/test_dag/src/lib.rs:43: value=2 in reactor_node1
[        34512 DEBUG] /home/nokosan/wd/awkernel/applications/tests/test_dag/src/lib.rs:59: value=4 in reactor_node2
[        34512 DEBUG] /home/nokosan/wd/awkernel/applications/tests/test_dag/src/lib.rs:74: value=9 in reactor_node3
[        34512 DEBUG] /home/nokosan/wd/awkernel/applications/tests/test_dag/src/lib.rs:89: value=13 in reactor_node4
[        35512 DEBUG] /home/nokosan/wd/awkernel/applications/tests/test_dag/src/lib.rs:28: value=1 in reactor_source_node
[        35543 DEBUG] /home/nokosan/wd/awkernel/applications/tests/test_dag/src/lib.rs:43: value=2 in reactor_node1
[        35543 DEBUG] /home/nokosan/wd/awkernel/applications/tests/test_dag/src/lib.rs:74: value=9 in reactor_node3
[        35574 DEBUG] /home/nokosan/wd/awkernel/applications/tests/test_dag/src/lib.rs:59: value=4 in reactor_node2
[        35604 DEBUG] /home/nokosan/wd/awkernel/applications/tests/test_dag/src/lib.rs:89: value=13 in reactor_node4
[        36512 DEBUG] /home/nokosan/wd/awkernel/applications/tests/test_dag/src/lib.rs:28: value=1 in reactor_source_node
[        36543 DEBUG] /home/nokosan/wd/awkernel/applications/tests/test_dag/src/lib.rs:43: value=2 in reactor_node1
[        36543 DEBUG] /home/nokosan/wd/awkernel/applications/tests/test_dag/src/lib.rs:74: value=9 in reactor_node3
[        36574 DEBUG] /home/nokosan/wd/awkernel/applications/tests/test_dag/src/lib.rs:59: value=4 in reactor_node2
[        36604 DEBUG] /home/nokosan/wd/awkernel/applications/tests/test_dag/src/lib.rs:89: value=13 in reactor_node4
[        37512 DEBUG] /home/nokosan/wd/awkernel/applications/tests/test_dag/src/lib.rs:28: value=1 in reactor_source_node
[        37543 DEBUG] /home/nokosan/wd/awkernel/applications/tests/test_dag/src/lib.rs:43: value=2 in reactor_node1
[        37543 DEBUG] /home/nokosan/wd/awkernel/applications/tests/test_dag/src/lib.rs:74: value=9 in reactor_node3
[        37574 DEBUG] /home/nokosan/wd/awkernel/applications/tests/test_dag/src/lib.rs:59: value=4 in reactor_node2
[        37604 DEBUG] /home/nokosan/wd/awkernel/applications/tests/test_dag/src/lib.rs:89: value=13 in reactor_node4
[        38512 DEBUG] /home/nokosan/wd/awkernel/applications/tests/test_dag/src/lib.rs:28: value=1 in reactor_source_node
[        38543 DEBUG] /home/nokosan/wd/awkernel/applications/tests/test_dag/src/lib.rs:43: value=2 in reactor_node1
[        38543 DEBUG] /home/nokosan/wd/awkernel/applications/tests/test_dag/src/lib.rs:59: value=4 in reactor_node2
[        38604 DEBUG] /home/nokosan/wd/awkernel/applications/tests/test_dag/src/lib.rs:74: value=9 in reactor_node3
[        38634 DEBUG] /home/nokosan/wd/awkernel/applications/tests/test_dag/src/lib.rs:89: value=13 in reactor_node4
[        39512 DEBUG] /home/nokosan/wd/awkernel/applications/tests/test_dag/src/lib.rs:28: value=1 in reactor_source_node
[        39512 DEBUG] /home/nokosan/wd/awkernel/applications/tests/test_dag/src/lib.rs:43: value=2 in reactor_node1
[        39512 DEBUG] /home/nokosan/wd/awkernel/applications/tests/test_dag/src/lib.rs:59: value=4 in reactor_node2
[        39512 DEBUG] /home/nokosan/wd/awkernel/applications/tests/test_dag/src/lib.rs:74: value=9 in reactor_node3
[        39512 DEBUG] /home/nokosan/wd/awkernel/applications/tests/test_dag/src/lib.rs:89: value=13 in reactor_node4
[        40512 DEBUG] /home/nokosan/wd/awkernel/applications/tests/test_dag/src/lib.rs:28: value=1 in reactor_source_node
[        40512 DEBUG] /home/nokosan/wd/awkernel/applications/tests/test_dag/src/lib.rs:43: value=2 in reactor_node1
[        40512 DEBUG] /home/nokosan/wd/awkernel/applications/tests/test_dag/src/lib.rs:59: value=4 in reactor_node2
[        40512 DEBUG] /home/nokosan/wd/awkernel/applications/tests/test_dag/src/lib.rs:74: value=9 in reactor_node3
[        40512 DEBUG] /home/nokosan/wd/awkernel/applications/tests/test_dag/src/lib.rs:89: value=13 in reactor_node4
[        41512 DEBUG] /home/nokosan/wd/awkernel/applications/tests/test_dag/src/lib.rs:28: value=1 in reactor_source_node
[        41543 DEBUG] /home/nokosan/wd/awkernel/applications/tests/test_dag/src/lib.rs:43: value=2 in reactor_node1
[        41543 DEBUG] /home/nokosan/wd/awkernel/applications/tests/test_dag/src/lib.rs:74: value=9 in reactor_node3
[        41574 DEBUG] /home/nokosan/wd/awkernel/applications/tests/test_dag/src/lib.rs:59: value=4 in reactor_node2
[        41604 DEBUG] /home/nokosan/wd/awkernel/applications/tests/test_dag/src/lib.rs:89: value=13 in reactor_node4
[        42512 DEBUG] /home/nokosan/wd/awkernel/applications/tests/test_dag/src/lib.rs:28: value=1 in reactor_source_node
[        42543 DEBUG] /home/nokosan/wd/awkernel/applications/tests/test_dag/src/lib.rs:43: value=2 in reactor_node1
[        42543 DEBUG] /home/nokosan/wd/awkernel/applications/tests/test_dag/src/lib.rs:74: value=9 in reactor_node3
[        42574 DEBUG] /home/nokosan/wd/awkernel/applications/tests/test_dag/src/lib.rs:59: value=4 in reactor_node2
[        42574 DEBUG] /home/nokosan/wd/awkernel/applications/tests/test_dag/src/lib.rs:89: value=13 in reactor_node4
[        43512 DEBUG] /home/nokosan/wd/awkernel/applications/tests/test_dag/src/lib.rs:28: value=1 in reactor_source_node
[        43512 DEBUG] /home/nokosan/wd/awkernel/applications/tests/test_dag/src/lib.rs:43: value=2 in reactor_node1
[        43512 DEBUG] /home/nokosan/wd/awkernel/applications/tests/test_dag/src/lib.rs:59: value=4 in reactor_node2
[        43512 DEBUG] /home/nokosan/wd/awkernel/applications/tests/test_dag/src/lib.rs:74: value=9 in reactor_node3
[        43512 DEBUG] /home/nokosan/wd/awkernel/applications/tests/test_dag/src/lib.rs:89: value=13 in reactor_node4
[        44512 DEBUG] /home/nokosan/wd/awkernel/applications/tests/test_dag/src/lib.rs:28: value=1 in reactor_source_node
[        44543 DEBUG] /home/nokosan/wd/awkernel/applications/tests/test_dag/src/lib.rs:43: value=2 in reactor_node1
[        44543 DEBUG] /home/nokosan/wd/awkernel/applications/tests/test_dag/src/lib.rs:74: value=9 in reactor_node3
[        44574 DEBUG] /home/nokosan/wd/awkernel/applications/tests/test_dag/src/lib.rs:59: value=4 in reactor_node2
[        44604 DEBUG] /home/nokosan/wd/awkernel/applications/tests/test_dag/src/lib.rs:89: value=13 in reactor_node4
[        45512 DEBUG] /home/nokosan/wd/awkernel/applications/tests/test_dag/src/lib.rs:28: value=1 in reactor_source_node
[        45543 DEBUG] /home/nokosan/wd/awkernel/applications/tests/test_dag/src/lib.rs:43: value=2 in reactor_node1
[        45543 DEBUG] /home/nokosan/wd/awkernel/applications/tests/test_dag/src/lib.rs:74: value=9 in reactor_node3
[        45574 DEBUG] /home/nokosan/wd/awkernel/applications/tests/test_dag/src/lib.rs:59: value=4 in reactor_node2
[        45604 DEBUG] /home/nokosan/wd/awkernel/applications/tests/test_dag/src/lib.rs:89: value=13 in reactor_node4
[        46512 DEBUG] /home/nokosan/wd/awkernel/applications/tests/test_dag/src/lib.rs:28: value=1 in reactor_source_node
[        46512 DEBUG] /home/nokosan/wd/awkernel/applications/tests/test_dag/src/lib.rs:43: value=2 in reactor_node1
[        46512 DEBUG] /home/nokosan/wd/awkernel/applications/tests/test_dag/src/lib.rs:59: value=4 in reactor_node2
[        46512 DEBUG] /home/nokosan/wd/awkernel/applications/tests/test_dag/src/lib.rs:74: value=9 in reactor_node3
[        46512 DEBUG] /home/nokosan/wd/awkernel/applications/tests/test_dag/src/lib.rs:89: value=13 in reactor_node4
[        47512 DEBUG] /home/nokosan/wd/awkernel/applications/tests/test_dag/src/lib.rs:28: value=1 in reactor_source_node
[        47543 DEBUG] /home/nokosan/wd/awkernel/applications/tests/test_dag/src/lib.rs:43: value=2 in reactor_node1
[        47543 DEBUG] /home/nokosan/wd/awkernel/applications/tests/test_dag/src/lib.rs:59: value=4 in reactor_node2
[        47604 DEBUG] /home/nokosan/wd/awkernel/applications/tests/test_dag/src/lib.rs:74: value=9 in reactor_node3
[        47604 DEBUG] /home/nokosan/wd/awkernel/applications/tests/test_dag/src/lib.rs:89: value=13 in reactor_node4
[        48512 DEBUG] /home/nokosan/wd/awkernel/applications/tests/test_dag/src/lib.rs:28: value=1 in reactor_source_node
[        48543 DEBUG] /home/nokosan/wd/awkernel/applications/tests/test_dag/src/lib.rs:43: value=2 in reactor_node1
[        48543 DEBUG] /home/nokosan/wd/awkernel/applications/tests/test_dag/src/lib.rs:74: value=9 in reactor_node3
[        48574 DEBUG] /home/nokosan/wd/awkernel/applications/tests/test_dag/src/lib.rs:59: value=4 in reactor_node2
[        48604 DEBUG] /home/nokosan/wd/awkernel/applications/tests/test_dag/src/lib.rs:89: value=13 in reactor_node4
[        49512 DEBUG] /home/nokosan/wd/awkernel/applications/tests/test_dag/src/lib.rs:28: value=1 in reactor_source_node
[        49543 DEBUG] /home/nokosan/wd/awkernel/applications/tests/test_dag/src/lib.rs:43: value=2 in reactor_node1
[        49543 DEBUG] /home/nokosan/wd/awkernel/applications/tests/test_dag/src/lib.rs:74: value=9 in reactor_node3
[        49574 DEBUG] /home/nokosan/wd/awkernel/applications/tests/test_dag/src/lib.rs:59: value=4 in reactor_node2
[        49604 DEBUG] /home/nokosan/wd/awkernel/applications/tests/test_dag/src/lib.rs:89: value=13 in reactor_node4
[        50512 DEBUG] /home/nokosan/wd/awkernel/applications/tests/test_dag/src/lib.rs:28: value=1 in reactor_source_node
[        50543 DEBUG] /home/nokosan/wd/awkernel/applications/tests/test_dag/src/lib.rs:43: value=2 in reactor_node1
[        50543 DEBUG] /home/nokosan/wd/awkernel/applications/tests/test_dag/src/lib.rs:74: value=9 in reactor_node3
[        50574 DEBUG] /home/nokosan/wd/awkernel/applications/tests/test_dag/src/lib.rs:59: value=4 in reactor_node2
[        50604 DEBUG] /home/nokosan/wd/awkernel/applications/tests/test_dag/src/lib.rs:89: value=13 in reactor_node4
[        51512 DEBUG] /home/nokosan/wd/awkernel/applications/tests/test_dag/src/lib.rs:28: value=1 in reactor_source_node
[        51543 DEBUG] /home/nokosan/wd/awkernel/applications/tests/test_dag/src/lib.rs:43: value=2 in reactor_node1
[        51543 DEBUG] /home/nokosan/wd/awkernel/applications/tests/test_dag/src/lib.rs:74: value=9 in reactor_node3
[        51574 DEBUG] /home/nokosan/wd/awkernel/applications/tests/test_dag/src/lib.rs:59: value=4 in reactor_node2
[        51604 DEBUG] /home/nokosan/wd/awkernel/applications/tests/test_dag/src/lib.rs:89: value=13 in reactor_node4
[        52512 DEBUG] /home/nokosan/wd/awkernel/applications/tests/test_dag/src/lib.rs:28: value=1 in reactor_source_node
[        52512 DEBUG] /home/nokosan/wd/awkernel/applications/tests/test_dag/src/lib.rs:43: value=2 in reactor_node1
[        52512 DEBUG] /home/nokosan/wd/awkernel/applications/tests/test_dag/src/lib.rs:59: value=4 in reactor_node2
[        52512 DEBUG] /home/nokosan/wd/awkernel/applications/tests/test_dag/src/lib.rs:74: value=9 in reactor_node3
[        52512 DEBUG] /home/nokosan/wd/awkernel/applications/tests/test_dag/src/lib.rs:89: value=13 in reactor_node4
[        53512 DEBUG] /home/nokosan/wd/awkernel/applications/tests/test_dag/src/lib.rs:28: value=1 in reactor_source_node
[        53543 DEBUG] /home/nokosan/wd/awkernel/applications/tests/test_dag/src/lib.rs:43: value=2 in reactor_node1
[        53543 DEBUG] /home/nokosan/wd/awkernel/applications/tests/test_dag/src/lib.rs:74: value=9 in reactor_node3
[        53574 DEBUG] /home/nokosan/wd/awkernel/applications/tests/test_dag/src/lib.rs:59: value=4 in reactor_node2
[        53604 DEBUG] /home/nokosan/wd/awkernel/applications/tests/test_dag/src/lib.rs:89: value=13 in reactor_node4
[        54512 DEBUG] /home/nokosan/wd/awkernel/applications/tests/test_dag/src/lib.rs:28: value=1 in reactor_source_node
[        54543 DEBUG] /home/nokosan/wd/awkernel/applications/tests/test_dag/src/lib.rs:43: value=2 in reactor_node1
[        54543 DEBUG] /home/nokosan/wd/awkernel/applications/tests/test_dag/src/lib.rs:59: value=4 in reactor_node2
[        54574 DEBUG] /home/nokosan/wd/awkernel/applications/tests/test_dag/src/lib.rs:74: value=9 in reactor_node3
[        54604 DEBUG] /home/nokosan/wd/awkernel/applications/tests/test_dag/src/lib.rs:89: value=13 in reactor_node4
[        55512 DEBUG] /home/nokosan/wd/awkernel/applications/tests/test_dag/src/lib.rs:28: value=1 in reactor_source_node
[        55543 DEBUG] /home/nokosan/wd/awkernel/applications/tests/test_dag/src/lib.rs:43: value=2 in reactor_node1
[        55543 DEBUG] /home/nokosan/wd/awkernel/applications/tests/test_dag/src/lib.rs:74: value=9 in reactor_node3
[        55574 DEBUG] /home/nokosan/wd/awkernel/applications/tests/test_dag/src/lib.rs:59: value=4 in reactor_node2
[        55604 DEBUG] /home/nokosan/wd/awkernel/applications/tests/test_dag/src/lib.rs:89: value=13 in reactor_node4
[        56512 DEBUG] /home/nokosan/wd/awkernel/applications/tests/test_dag/src/lib.rs:28: value=1 in reactor_source_node
[        56543 DEBUG] /home/nokosan/wd/awkernel/applications/tests/test_dag/src/lib.rs:43: value=2 in reactor_node1
[        56543 DEBUG] /home/nokosan/wd/awkernel/applications/tests/test_dag/src/lib.rs:59: value=4 in reactor_node2
[        56604 DEBUG] /home/nokosan/wd/awkernel/applications/tests/test_dag/src/lib.rs:74: value=9 in reactor_node3
[        56634 DEBUG] /home/nokosan/wd/awkernel/applications/tests/test_dag/src/lib.rs:89: value=13 in reactor_node4
[        57512 DEBUG] /home/nokosan/wd/awkernel/applications/tests/test_dag/src/lib.rs:28: value=1 in reactor_source_node
[        57543 DEBUG] /home/nokosan/wd/awkernel/applications/tests/test_dag/src/lib.rs:43: value=2 in reactor_node1
[        57543 DEBUG] /home/nokosan/wd/awkernel/applications/tests/test_dag/src/lib.rs:74: value=9 in reactor_node3
[        57574 DEBUG] /home/nokosan/wd/awkernel/applications/tests/test_dag/src/lib.rs:59: value=4 in reactor_node2
[        57604 DEBUG] /home/nokosan/wd/awkernel/applications/tests/test_dag/src/lib.rs:89: value=13 in reactor_node4
[        58512 DEBUG] /home/nokosan/wd/awkernel/applications/tests/test_dag/src/lib.rs:28: value=1 in reactor_source_node
[        58543 DEBUG] /home/nokosan/wd/awkernel/applications/tests/test_dag/src/lib.rs:43: value=2 in reactor_node1
[        58543 DEBUG] /home/nokosan/wd/awkernel/applications/tests/test_dag/src/lib.rs:74: value=9 in reactor_node3
[        58574 DEBUG] /home/nokosan/wd/awkernel/applications/tests/test_dag/src/lib.rs:59: value=4 in reactor_node2
[        58604 DEBUG] /home/nokosan/wd/awkernel/applications/tests/test_dag/src/lib.rs:89: value=13 in reactor_node4
[        59512 DEBUG] /home/nokosan/wd/awkernel/applications/tests/test_dag/src/lib.rs:28: value=1 in reactor_source_node
[        59543 DEBUG] /home/nokosan/wd/awkernel/applications/tests/test_dag/src/lib.rs:43: value=2 in reactor_node1
[        59543 DEBUG] /home/nokosan/wd/awkernel/applications/tests/test_dag/src/lib.rs:74: value=9 in reactor_node3
[        59574 DEBUG] /home/nokosan/wd/awkernel/applications/tests/test_dag/src/lib.rs:59: value=4 in reactor_node2
[        59604 DEBUG] /home/nokosan/wd/awkernel/applications/tests/test_dag/src/lib.rs:89: value=13 in reactor_node4
[        60512 DEBUG] /home/nokosan/wd/awkernel/applications/tests/test_dag/src/lib.rs:28: value=1 in reactor_source_node
[        60543 DEBUG] /home/nokosan/wd/awkernel/applications/tests/test_dag/src/lib.rs:43: value=2 in reactor_node1
[        60543 DEBUG] /home/nokosan/wd/awkernel/applications/tests/test_dag/src/lib.rs:74: value=9 in reactor_node3
[        60574 DEBUG] /home/nokosan/wd/awkernel/applications/tests/test_dag/src/lib.rs:59: value=4 in reactor_node2
[        60574 DEBUG] /home/nokosan/wd/awkernel/applications/tests/test_dag/src/lib.rs:89: value=13 in reactor_node4
[        61512 DEBUG] /home/nokosan/wd/awkernel/applications/tests/test_dag/src/lib.rs:28: value=1 in reactor_source_node
[        61543 DEBUG] /home/nokosan/wd/awkernel/applications/tests/test_dag/src/lib.rs:43: value=2 in reactor_node1
[        61543 DEBUG] /home/nokosan/wd/awkernel/applications/tests/test_dag/src/lib.rs:74: value=9 in reactor_node3
[        61574 DEBUG] /home/nokosan/wd/awkernel/applications/tests/test_dag/src/lib.rs:59: value=4 in reactor_node2
[        61604 DEBUG] /home/nokosan/wd/awkernel/applications/tests/test_dag/src/lib.rs:89: value=13 in reactor_node4
[        62512 DEBUG] /home/nokosan/wd/awkernel/applications/tests/test_dag/src/lib.rs:28: value=1 in reactor_source_node
[        62543 DEBUG] /home/nokosan/wd/awkernel/applications/tests/test_dag/src/lib.rs:43: value=2 in reactor_node1
[        62543 DEBUG] /home/nokosan/wd/awkernel/applications/tests/test_dag/src/lib.rs:74: value=9 in reactor_node3
[        62574 DEBUG] /home/nokosan/wd/awkernel/applications/tests/test_dag/src/lib.rs:59: value=4 in reactor_node2
[        62604 DEBUG] /home/nokosan/wd/awkernel/applications/tests/test_dag/src/lib.rs:89: value=13 in reactor_node4
[        63512 DEBUG] /home/nokosan/wd/awkernel/applications/tests/test_dag/src/lib.rs:28: value=1 in reactor_source_node
[        63543 DEBUG] /home/nokosan/wd/awkernel/applications/tests/test_dag/src/lib.rs:43: value=2 in reactor_node1
[        63543 DEBUG] /home/nokosan/wd/awkernel/applications/tests/test_dag/src/lib.rs:74: value=9 in reactor_node3
[        63574 DEBUG] /home/nokosan/wd/awkernel/applications/tests/test_dag/src/lib.rs:59: value=4 in reactor_node2
[        63604 DEBUG] /home/nokosan/wd/awkernel/applications/tests/test_dag/src/lib.rs:89: value=13 in reactor_node4
[        64512 DEBUG] /home/nokosan/wd/awkernel/applications/tests/test_dag/src/lib.rs:28: value=1 in reactor_source_node
[        64543 DEBUG] /home/nokosan/wd/awkernel/applications/tests/test_dag/src/lib.rs:43: value=2 in reactor_node1
[        64543 DEBUG] /home/nokosan/wd/awkernel/applications/tests/test_dag/src/lib.rs:74: value=9 in reactor_node3
[        64574 DEBUG] /home/nokosan/wd/awkernel/applications/tests/test_dag/src/lib.rs:59: value=4 in reactor_node2
[        64604 DEBUG] /home/nokosan/wd/awkernel/applications/tests/test_dag/src/lib.rs:89: value=13 in reactor_node4
[        65512 DEBUG] /home/nokosan/wd/awkernel/applications/tests/test_dag/src/lib.rs:28: value=1 in reactor_source_node
[        65543 DEBUG] /home/nokosan/wd/awkernel/applications/tests/test_dag/src/lib.rs:43: value=2 in reactor_node1
[        65543 DEBUG] /home/nokosan/wd/awkernel/applications/tests/test_dag/src/lib.rs:74: value=9 in reactor_node3
[        65574 DEBUG] /home/nokosan/wd/awkernel/applications/tests/test_dag/src/lib.rs:59: value=4 in reactor_node2
[        65604 DEBUG] /home/nokosan/wd/awkernel/applications/tests/test_dag/src/lib.rs:89: value=13 in reactor_node4
[        66512 DEBUG] /home/nokosan/wd/awkernel/applications/tests/test_dag/src/lib.rs:28: value=1 in reactor_source_node
[        66543 DEBUG] /home/nokosan/wd/awkernel/applications/tests/test_dag/src/lib.rs:43: value=2 in reactor_node1
[        66543 DEBUG] /home/nokosan/wd/awkernel/applications/tests/test_dag/src/lib.rs:74: value=9 in reactor_node3
[        66574 DEBUG] /home/nokosan/wd/awkernel/applications/tests/test_dag/src/lib.rs:59: value=4 in reactor_node2
[        66604 DEBUG] /home/nokosan/wd/awkernel/applications/tests/test_dag/src/lib.rs:89: value=13 in reactor_node4
[        67512 DEBUG] /home/nokosan/wd/awkernel/applications/tests/test_dag/src/lib.rs:28: value=1 in reactor_source_node
[        67543 DEBUG] /home/nokosan/wd/awkernel/applications/tests/test_dag/src/lib.rs:43: value=2 in reactor_node1
[        67543 DEBUG] /home/nokosan/wd/awkernel/applications/tests/test_dag/src/lib.rs:74: value=9 in reactor_node3
[        67574 DEBUG] /home/nokosan/wd/awkernel/applications/tests/test_dag/src/lib.rs:59: value=4 in reactor_node2
[        67604 DEBUG] /home/nokosan/wd/awkernel/applications/tests/test_dag/src/lib.rs:89: value=13 in reactor_node4
[        68512 DEBUG] /home/nokosan/wd/awkernel/applications/tests/test_dag/src/lib.rs:28: value=1 in reactor_source_node
[        68543 DEBUG] /home/nokosan/wd/awkernel/applications/tests/test_dag/src/lib.rs:43: value=2 in reactor_node1
[        68543 DEBUG] /home/nokosan/wd/awkernel/applications/tests/test_dag/src/lib.rs:74: value=9 in reactor_node3
[        68574 DEBUG] /home/nokosan/wd/awkernel/applications/tests/test_dag/src/lib.rs:59: value=4 in reactor_node2
[        68604 DEBUG] /home/nokosan/wd/awkernel/applications/tests/test_dag/src/lib.rs:89: value=13 in reactor_node4
[        69512 DEBUG] /home/nokosan/wd/awkernel/applications/tests/test_dag/src/lib.rs:28: value=1 in reactor_source_node
[        69512 DEBUG] /home/nokosan/wd/awkernel/applications/tests/test_dag/src/lib.rs:43: value=2 in reactor_node1
[        69512 DEBUG] /home/nokosan/wd/awkernel/applications/tests/test_dag/src/lib.rs:74: value=9 in reactor_node3
[        69543 DEBUG] /home/nokosan/wd/awkernel/applications/tests/test_dag/src/lib.rs:59: value=4 in reactor_node2
[        69574 DEBUG] /home/nokosan/wd/awkernel/applications/tests/test_dag/src/lib.rs:89: value=13 in reactor_node4
[        70512 DEBUG] /home/nokosan/wd/awkernel/applications/tests/test_dag/src/lib.rs:28: value=1 in reactor_source_node
[        70543 DEBUG] /home/nokosan/wd/awkernel/applications/tests/test_dag/src/lib.rs:43: value=2 in reactor_node1
[        70543 DEBUG] /home/nokosan/wd/awkernel/applications/tests/test_dag/src/lib.rs:74: value=9 in reactor_node3
[        70574 DEBUG] /home/nokosan/wd/awkernel/applications/tests/test_dag/src/lib.rs:59: value=4 in reactor_node2
[        70604 DEBUG] /home/nokosan/wd/awkernel/applications/tests/test_dag/src/lib.rs:89: value=13 in reactor_node4
[        71512 DEBUG] /home/nokosan/wd/awkernel/applications/tests/test_dag/src/lib.rs:28: value=1 in reactor_source_node
[        71543 DEBUG] /home/nokosan/wd/awkernel/applications/tests/test_dag/src/lib.rs:43: value=2 in reactor_node1
[        71543 DEBUG] /home/nokosan/wd/awkernel/applications/tests/test_dag/src/lib.rs:74: value=9 in reactor_node3
[        71574 DEBUG] /home/nokosan/wd/awkernel/applications/tests/test_dag/src/lib.rs:59: value=4 in reactor_node2
[        71604 DEBUG] /home/nokosan/wd/awkernel/applications/tests/test_dag/src/lib.rs:89: value=13 in reactor_node4
[        72512 DEBUG] /home/nokosan/wd/awkernel/applications/tests/test_dag/src/lib.rs:28: value=1 in reactor_source_node
[        72543 DEBUG] /home/nokosan/wd/awkernel/applications/tests/test_dag/src/lib.rs:43: value=2 in reactor_node1
[        72543 DEBUG] /home/nokosan/wd/awkernel/applications/tests/test_dag/src/lib.rs:74: value=9 in reactor_node3
[        72574 DEBUG] /home/nokosan/wd/awkernel/applications/tests/test_dag/src/lib.rs:59: value=4 in reactor_node2
[        72604 DEBUG] /home/nokosan/wd/awkernel/applications/tests/test_dag/src/lib.rs:89: value=13 in reactor_node4
[        73512 DEBUG] /home/nokosan/wd/awkernel/applications/tests/test_dag/src/lib.rs:28: value=1 in reactor_source_node
[        73512 DEBUG] /home/nokosan/wd/awkernel/applications/tests/test_dag/src/lib.rs:43: value=2 in reactor_node1
[        73512 DEBUG] /home/nokosan/wd/awkernel/applications/tests/test_dag/src/lib.rs:59: value=4 in reactor_node2
[        73512 DEBUG] /home/nokosan/wd/awkernel/applications/tests/test_dag/src/lib.rs:74: value=9 in reactor_node3
[        73512 DEBUG] /home/nokosan/wd/awkernel/applications/tests/test_dag/src/lib.rs:89: value=13 in reactor_node4
[        74512 DEBUG] /home/nokosan/wd/awkernel/applications/tests/test_dag/src/lib.rs:28: value=1 in reactor_source_node
[        74543 DEBUG] /home/nokosan/wd/awkernel/applications/tests/test_dag/src/lib.rs:43: value=2 in reactor_node1
[        74543 DEBUG] /home/nokosan/wd/awkernel/applications/tests/test_dag/src/lib.rs:74: value=9 in reactor_node3
[        74574 DEBUG] /home/nokosan/wd/awkernel/applications/tests/test_dag/src/lib.rs:59: value=4 in reactor_node2
[        74574 DEBUG] /home/nokosan/wd/awkernel/applications/tests/test_dag/src/lib.rs:89: value=13 in reactor_node4
[        75512 DEBUG] /home/nokosan/wd/awkernel/applications/tests/test_dag/src/lib.rs:28: value=1 in reactor_source_node
[        75543 DEBUG] /home/nokosan/wd/awkernel/applications/tests/test_dag/src/lib.rs:43: value=2 in reactor_node1
[        75543 DEBUG] /home/nokosan/wd/awkernel/applications/tests/test_dag/src/lib.rs:74: value=9 in reactor_node3
[        75574 DEBUG] /home/nokosan/wd/awkernel/applications/tests/test_dag/src/lib.rs:59: value=4 in reactor_node2
[        75604 DEBUG] /home/nokosan/wd/awkernel/applications/tests/test_dag/src/lib.rs:89: value=13 in reactor_node4
[        76512 DEBUG] /home/nokosan/wd/awkernel/applications/tests/test_dag/src/lib.rs:28: value=1 in reactor_source_node
[        76543 DEBUG] /home/nokosan/wd/awkernel/applications/tests/test_dag/src/lib.rs:43: value=2 in reactor_node1
[        76543 DEBUG] /home/nokosan/wd/awkernel/applications/tests/test_dag/src/lib.rs:74: value=9 in reactor_node3
[        76574 DEBUG] /home/nokosan/wd/awkernel/applications/tests/test_dag/src/lib.rs:59: value=4 in reactor_node2
[        76604 DEBUG] /home/nokosan/wd/awkernel/applications/tests/test_dag/src/lib.rs:89: value=13 in reactor_node4
[        77512 DEBUG] /home/nokosan/wd/awkernel/applications/tests/test_dag/src/lib.rs:28: value=1 in reactor_source_node
[        77512 DEBUG] /home/nokosan/wd/awkernel/applications/tests/test_dag/src/lib.rs:43: value=2 in reactor_node1
[        77512 DEBUG] /home/nokosan/wd/awkernel/applications/tests/test_dag/src/lib.rs:59: value=4 in reactor_node2
[        77512 DEBUG] /home/nokosan/wd/awkernel/applications/tests/test_dag/src/lib.rs:74: value=9 in reactor_node3
[        77512 DEBUG] /home/nokosan/wd/awkernel/applications/tests/test_dag/src/lib.rs:89: value=13 in reactor_node4
[        78512 DEBUG] /home/nokosan/wd/awkernel/applications/tests/test_dag/src/lib.rs:28: value=1 in reactor_source_node
[        78543 DEBUG] /home/nokosan/wd/awkernel/applications/tests/test_dag/src/lib.rs:43: value=2 in reactor_node1
[        78543 DEBUG] /home/nokosan/wd/awkernel/applications/tests/test_dag/src/lib.rs:74: value=9 in reactor_node3
[        78574 DEBUG] /home/nokosan/wd/awkernel/applications/tests/test_dag/src/lib.rs:59: value=4 in reactor_node2
[        78604 DEBUG] /home/nokosan/wd/awkernel/applications/tests/test_dag/src/lib.rs:89: value=13 in reactor_node4
[        79512 DEBUG] /home/nokosan/wd/awkernel/applications/tests/test_dag/src/lib.rs:28: value=1 in reactor_source_node
[        79543 DEBUG] /home/nokosan/wd/awkernel/applications/tests/test_dag/src/lib.rs:43: value=2 in reactor_node1
[        79543 DEBUG] /home/nokosan/wd/awkernel/applications/tests/test_dag/src/lib.rs:74: value=9 in reactor_node3
[        79574 DEBUG] /home/nokosan/wd/awkernel/applications/tests/test_dag/src/lib.rs:59: value=4 in reactor_node2
[        79604 DEBUG] /home/nokosan/wd/awkernel/applications/tests/test_dag/src/lib.rs:89: value=13 in reactor_node4
[        80512 DEBUG] /home/nokosan/wd/awkernel/applications/tests/test_dag/src/lib.rs:28: value=1 in reactor_source_node
[        80543 DEBUG] /home/nokosan/wd/awkernel/applications/tests/test_dag/src/lib.rs:43: value=2 in reactor_node1
[        80543 DEBUG] /home/nokosan/wd/awkernel/applications/tests/test_dag/src/lib.rs:74: value=9 in reactor_node3
[        80574 DEBUG] /home/nokosan/wd/awkernel/applications/tests/test_dag/src/lib.rs:59: value=4 in reactor_node2
[        80604 DEBUG] /home/nokosan/wd/awkernel/applications/tests/test_dag/src/lib.rs:89: value=13 in reactor_node4