[awkernel USB diag OK]                                  
[            0 INFO] xHCI: PL2303 console writer regist)
[            0 INFO] NVMe Controller - Serial: S7HDNJ0Y1
[            0 ERROR] awkernel_drivers/src/pcie/nvme.rst
[            0 ERROR] awkernel_drivers/src/pcie/nvme.rst
[            0 INFO] xHCI: attaching 0000:e1:00.4, Devir
[            0 DEBUG] awkernel_drivers/src/pcie/usb/xhc0
[            0 INFO] xHCI: 0000:e1:00.4 xHCI: HCIVERSIO8
[            0 INFO] xHCI: cmd_ring_phys=0x000000000f100
[            0 INFO] xHCI: 0000:e1:00.4 xHCI: reset come
[            0 INFO] xHCI: 0000:e1:00.4 xHCI: BUS_MASTEt
[            0 INFO] xHCI: 0000:e1:00.4 xHCI: dcbaa=0x00
[            0 INFO] xHCI: 0000:e1:00.4 xHCI: scratchpa2
[            0 INFO] xHCI: 0000:e1:00.4 xHCI: scratchpa0
[            0 WARN] awkernel_drivers/src/pcie/usb/xhcit
[            0 INFO] xHCI: 0000:e1:00.4 xHCI: controlle)
[            0 DEBUG] awkernel_drivers/src/pcie/usb/xhcd
[            0 INFO] xHCI: 0000:e1:00.4 xHCI: NOOP comme
[            0 INFO] xHCI: 0000:e1:00.4 xHCI: no devicet
[            0 INFO] PCIe: segment_group = 0000         
Bus #00                                                 
    0000:00:00.0: Vendor ID = 1022, Device ID = 153a, P)
    0000:00:00.2: Vendor ID = 1022, Device ID = 153b, Pl
    0000:00:01.0: Vendor ID = 1022, Device ID = 153d, P)
    0000:00:01.1: Bridge, Bus #01, status = [Capabiliti]
        0000:01:00.0: Vendor ID = 10de, Device ID = 2b8r
        0000:01:00.1: Vendor ID = 10de, Device ID = 22er
    0000:00:02.0: Vendor ID = 1022, Device ID = 153d, P)
    0000:00:03.0: Vendor ID = 1022, Device ID = 153d, P)
    0000:00:04.0: Vendor ID = 1022, Device ID = 153d, P)
    0000:00:05.0: Vendor ID = 1022, Device ID = 153d, P)
    0000:00:07.0: Vendor ID = 1022, Device ID = 153d, P)
    0000:00:07.1: Bridge, Bus #02, status = [Capabiliti]
        0000:02:00.0: Vendor ID = 1022, Device ID = 155n
    0000:00:14.0: Vendor ID = 1022, Device ID = 790b, Pr
    0000:00:14.3: Vendor ID = 1022, Device ID = 790e, P)
    0000:00:18.0: Vendor ID = 1022, Device ID = 12c0, P)
    0000:00:18.1: Vendor ID = 1022, Device ID = 12c1, P)
    0000:00:18.2: Vendor ID = 1022, Device ID = 12c2, P)
    0000:00:18.3: Vendor ID = 1022, Device ID = 12c3, P)
    0000:00:18.4: Vendor ID = 1022, Device ID = 12c4, P)
    0000:00:18.5: Vendor ID = 1022, Device ID = 12c5, P)
    0000:00:18.6: Vendor ID = 1022, Device ID = 12c6, P)
    0000:00:18.7: Vendor ID = 1022, Device ID = 12c7, P)
Bus #20                                                 
    0000:20:00.0: Vendor ID = 1022, Device ID = 153a, P)
    0000:20:01.0: Vendor ID = 1022, Device ID = 153d, P)
    0000:20:02.0: Vendor ID = 1022, Device ID = 153d, P)
Bus #40                                                 
    0000:40:00.0: Vendor ID = 1022, Device ID = 153a, P)
    0000:40:00.2: Vendor ID = 1022, Device ID = 153b, Pl
    0000:40:01.0: Vendor ID = 1022, Device ID = 153d, P)
    0000:40:02.0: Vendor ID = 1022, Device ID = 153d, P)
    0000:40:03.0: Vendor ID = 1022, Device ID = 153d, P)
    0000:40:04.0: Vendor ID = 1022, Device ID = 153d, P)
    0000:40:05.0: Vendor ID = 1022, Device ID = 153d, P)
    0000:40:07.0: Vendor ID = 1022, Device ID = 153d, P)
    0000:40:07.1: Bridge, Bus #41, status = [Capabiliti]
        0000:41:00.0: Vendor ID = 1022, Device ID = 155n
        0000:41:00.4 xHCI                               
        0000:41:00.7: Vendor ID = 1022, Device ID = 14cr
Bus #60                                                 
    0000:60:00.0: Vendor ID = 1022, Device ID = 153a, P)
    0000:60:01.0: Vendor ID = 1022, Device ID = 153d, P)
    0000:60:01.2: Bridge, Bus #61, status = [Capabiliti]
        0000:61:00.0: Vendor ID = 1d6a, Device ID = 04cr
    0000:60:01.3: Bridge, Bus #62, status = [Capabiliti]
    0000:60:01.4: Bridge, Bus #63, status = [Capabiliti]
        0000:63:00.0: Vendor ID = 14c3, Device ID = 792r
    0000:60:01.5: Bridge, Bus #64, status = [Capabiliti]
        0000:64:00.0 xHCI                               
    0000:60:01.6: Bridge, Bus #65, status = [Capabiliti]
        0000:65:00.0: Bridge, Bus #66, status = [Capabi]
            0000:66:0c.0: Bridge, Bus #67, status = [Ca]
                0000:67:00.0 xHCI                       
            0000:66:0d.0: Bridge, Bus #68, status = [Ca]
                0000:68:00.0: Vendor ID = 1022, Device )
    0000:60:02.0: Vendor ID = 1022, Device ID = 153d, P)
Bus #80                                                 
    0000:80:00.0: Vendor ID = 1022, Device ID = 153a, P)
    0000:80:01.0: Vendor ID = 1022, Device ID = 153d, P)
    0000:80:02.0: Vendor ID = 1022, Device ID = 153d, P)
Bus #a0                                                 
    0000:a0:00.0: Vendor ID = 1022, Device ID = 153a, P)
    0000:a0:00.2: Vendor ID = 1022, Device ID = 153b, Pl
    0000:a0:01.0: Vendor ID = 1022, Device ID = 153d, P)
    0000:a0:02.0: Vendor ID = 1022, Device ID = 153d, P)
    0000:a0:03.0: Vendor ID = 1022, Device ID = 153d, P)
    0000:a0:03.1: Bridge, Bus #a1, status = [Capabiliti]
    0000:a0:03.2: Bridge, Bus #a2, status = [Capabiliti]
    0000:a0:03.3: Bridge, Bus #a3, status = [Capabiliti]
    0000:a0:03.4: Bridge, Bus #a4, status = [Capabiliti]
    0000:a0:03.5: Bridge, Bus #a5, status = [Capabiliti]
    0000:a0:03.6: Bridge, Bus #a6, status = [Capabiliti]
    0000:a0:03.7: Bridge, Bus #a7, status = [Capabiliti]
    0000:a0:04.0: Vendor ID = 1022, Device ID = 153d, P)
    0000:a0:04.1: Bridge, Bus #a8, status = [Capabiliti]
    0000:a0:05.0: Vendor ID = 1022, Device ID = 153d, P)
    0000:a0:07.0: Vendor ID = 1022, Device ID = 153d, P)
    0000:a0:07.1: Bridge, Bus #a9, status = [Capabiliti]
        0000:a9:00.0: Vendor ID = 1022, Device ID = 155n
        0000:a9:00.5: Vendor ID = 1022, Device ID = 156r
Bus #c0                                                 
    0000:c0:00.0: Vendor ID = 1022, Device ID = 153a, P)
    0000:c0:01.0: Vendor ID = 1022, Device ID = 153d, P)
    0000:c0:01.1: Bridge, Bus #c1, status = [Capabiliti]
        0000:c1:00.0: NVMe Controller                   
    0000:c0:02.0: Vendor ID = 1022, Device ID = 153d, P)
Bus #e0                                                 
    0000:e0:00.0: Vendor ID = 1022, Device ID = 153a, P)
    0000:e0:00.2: Vendor ID = 1022, Device ID = 153b, Pl
    0000:e0:01.0: Vendor ID = 1022, Device ID = 153d, P)
    0000:e0:02.0: Vendor ID = 1022, Device ID = 153d, P)
    0000:e0:03.0: Vendor ID = 1022, Device ID = 153d, P)
    0000:e0:04.0: Vendor ID = 1022, Device ID = 153d, P)
    0000:e0:05.0: Vendor ID = 1022, Device ID = 153d, P)
    0000:e0:07.0: Vendor ID = 1022, Device ID = 153d, P)
    0000:e0:07.1: Bridge, Bus #e1, status = [Capabiliti]
        0000:e1:00.0: Vendor ID = 1022, Device ID = 155n
        0000:e1:00.4 xHCI                               
                                                        
[            0 INFO] CPU#1 is starting.                 
[            0 INFO] CPU#3 is starting.                 
[            0 INFO] CPU#2 is starting.                 
[            0 INFO] CPU#4 is starting.                 
[            0 INFO] CPU#5 is starting.                 
[            0 INFO] CPU#6 is starting.                 
[            0 INFO] CPU#7 is starting.                 
[            0 INFO] CPU#8 is starting.                 
[            0 INFO] CPU#9 is starting.                 
[            0 INFO] CPU#10 is starting.                
[            0 INFO] CPU#11 is starting.                
[            0 INFO] CPU#12 is starting.                
[            0 INFO] CPU#13 is starting.                
[            0 INFO] CPU#15 is starting.                
[            0 INFO] CPU#14 is starting.                
[            0 INFO] CPU#16 is starting.                
[            0 INFO] CPU#17 is starting.                
[            0 INFO] CPU#18 is starting.                
[            0 INFO] CPU#19 is starting.                
[            0 INFO] CPU#20 is starting.                
[            0 INFO] CPU#21 is starting.                
[            0 INFO] CPU#22 is starting.                
[            0 INFO] CPU#23 is starting.                
[            0 INFO] CPU#24 is starting.                
[            0 INFO] CPU#25 is starting.                
[            0 INFO] CPU#26 is starting.                
[            0 INFO] CPU#27 is starting.                
[            0 INFO] CPU#28 is starting.                
[            0 INFO] CPU#29 is starting.                
[            0 INFO] CPU#31 is starting.                
[            0 INFO] CPU#30 is starting.                
[            0 INFO] CPU#32 is starting.                
[            0 INFO] CPU#33 is starting.                
[            0 INFO] CPU#34 is starting.                
[            0 INFO] CPU#35 is starting.                
[            0 INFO] CPU#37 is starting.                
[            0 INFO] CPU#36 is starting.                
[            0 INFO] CPU#39 is starting.                
[            0 INFO] CPU#38 is starting.                
[            0 INFO] CPU#40 is starting.                
[            0 INFO] CPU#41 is starting.                
[            0 INFO] CPU#42 is starting.                
[            0 INFO] CPU#43 is starting.                
[            0 INFO] CPU#45 is starting.                
[            0 INFO] CPU#44 is starting.                
[            0 INFO] CPU#46 is starting.                
[            0 INFO] Synchronized TSCs.                 
[            0 INFO] CPU#47 is starting.                
[            0 INFO] All CPUs are ready.                
[            0 INFO] RTC time: 2026-05-01 04:40:25      
[            0 INFO] CPU#0 is starting.                 
[            0 INFO] x2APIC: IRQ #254 has been enabled .
[            0 INFO] interrupt::INTERRUPT_CONTROLLER ha.
[            0 INFO] interrupt::PREEMPT_FN has been ini.
[            0 INFO] timer::TIMER has been initialized. 
[            0 INFO] x2APIC: IRQ #255 has been enabled .
[            0 INFO] x2APIC: IRQ #255 has been enabled .
[            0 INFO] x2APIC: IRQ #254 has been enabled .
[            0 INFO] x2APIC: IRQ #255 has been enabled .
[            0 INFO] x2APIC: IRQ #253 has been enabled .
[            0 INFO] x2APIC: IRQ #255 has been enabled .
[            0 INFO] x2APIC: IRQ #255 has been enabled .
[            0 INFO] x2APIC: IRQ #255 has been enabled .
[            0 INFO] x2APIC: IRQ #254 has been enabled .
[            0 INFO] x2APIC: IRQ #254 has been enabled .
[            0 INFO] x2APIC: IRQ #253 has been enabled .
[            0 INFO] x2APIC: IRQ #253 has been enabled .
[            0 INFO] x2APIC: IRQ #254 has been enabled .
[            0 INFO] x2APIC: IRQ #254 has been enabled .
[            0 INFO] x2APIC: IRQ #253 has been enabled .
[            0 INFO] x2APIC: IRQ #253 has been enabled .
[            0 INFO] x2APIC: IRQ #255 has been enabled .
[            0 INFO] x2APIC: IRQ #255 has been enabled .
[            0 INFO] x2APIC: IRQ #254 has been enabled .
[            0 INFO] x2APIC: IRQ #254 has been enabled .
[            0 INFO] x2APIC: IRQ #253 has been enabled .
[            0 INFO] x2APIC: IRQ #253 has been enabled .
[            0 INFO] x2APIC: IRQ #255 has been enabled .
[            0 INFO] x2APIC: IRQ #255 has been enabled .
[            0 INFO] x2APIC: IRQ #254 has been enabled .
[            0 INFO] x2APIC: IRQ #254 has been enabled .
[            0 INFO] x2APIC: IRQ #253 has been enabled .
[            0 INFO] x2APIC: IRQ #255 has been enabled .
[            0 INFO] x2APIC: IRQ #253 has been enabled .
[            0 INFO] x2APIC: IRQ #254 has been enabled .
[            0 INFO] x2APIC: IRQ #255 has been enabled .
[            0 INFO] x2APIC: IRQ #253 has been enabled .
[            0 INFO] x2APIC: IRQ #254 has been enabled .
[            0 INFO] x2APIC: IRQ #253 has been enabled .
[            0 INFO] x2APIC: IRQ #255 has been enabled .
[            0 INFO] x2APIC: IRQ #255 has been enabled .
[            0 INFO] x2APIC: IRQ #254 has been enabled .
[            0 INFO] x2APIC: IRQ #254 has been enabled .
[            0 INFO] x2APIC: IRQ #253 has been enabled .
[            0 INFO] x2APIC: IRQ #253 has been enabled .
[            0 INFO] x2APIC: IRQ #255 has been enabled .
[            0 INFO] x2APIC: IRQ #255 has been enabled .
[            0 INFO] x2APIC: IRQ #254 has been enabled .
[            0 INFO] x2APIC: IRQ #254 has been enabled .
[            0 INFO] x2APIC: IRQ #253 has been enabled .
[            0 INFO] x2APIC: IRQ #253 has been enabled .
[            0 INFO] x2APIC: IRQ #255 has been enabled .
[            0 INFO] x2APIC: IRQ #255 has been enabled .
[            0 INFO] x2APIC: IRQ #254 has been enabled .
[            0 INFO] x2APIC: IRQ #254 has been enabled .
[            0 INFO] x2APIC: IRQ #253 has been enabled .
[            0 INFO] x2APIC: IRQ #253 has been enabled .
[            0 INFO] x2APIC: IRQ #255 has been enabled .
[            0 INFO] x2APIC: IRQ #255 has been enabled .
[            0 INFO] x2APIC: IRQ #254 has been enabled .
[            0 INFO] x2APIC: IRQ #254 has been enabled .
[            0 INFO] x2APIC: IRQ #253 has been enabled .
[            0 INFO] x2APIC: IRQ #253 has been enabled .
[            0 INFO] x2APIC: IRQ #255 has been enabled .
[            0 INFO] x2APIC: IRQ #255 has been enabled .
[            0 INFO] x2APIC: IRQ #255 has been enabled .
[            0 INFO] x2APIC: IRQ #255 has been enabled .
[            0 INFO] x2APIC: IRQ #254 has been enabled .
[            0 INFO] x2APIC: IRQ #254 has been enabled .
[            0 INFO] x2APIC: IRQ #253 has been enabled .
[            0 INFO] x2APIC: IRQ #253 has been enabled .
[            0 INFO] x2APIC: IRQ #254 has been enabled .
[            0 INFO] x2APIC: IRQ #254 has been enabled .
[            0 INFO] x2APIC: IRQ #253 has been enabled .
[            0 INFO] x2APIC: IRQ #253 has been enabled .
[            0 INFO] x2APIC: IRQ #255 has been enabled .
[            0 INFO] x2APIC: IRQ #255 has been enabled .
[            0 INFO] x2APIC: IRQ #254 has been enabled .
[            0 INFO] x2APIC: IRQ #254 has been enabled .
[            0 INFO] x2APIC: IRQ #253 has been enabled .
[            0 INFO] x2APIC: IRQ #253 has been enabled .
[            0 INFO] x2APIC: IRQ #255 has been enabled .
[            0 INFO] x2APIC: IRQ #255 has been enabled .
[            0 INFO] x2APIC: IRQ #254 has been enabled .
[            0 INFO] x2APIC: IRQ #254 has been enabled .
[            0 INFO] x2APIC: IRQ #253 has been enabled .
[            0 INFO] x2APIC: IRQ #253 has been enabled .
[            0 INFO] x2APIC: IRQ #255 has been enabled .
[            0 INFO] x2APIC: IRQ #255 has been enabled .
[            0 INFO] x2APIC: IRQ #254 has been enabled .
[            0 INFO] x2APIC: IRQ #254 has been enabled .
[            0 INFO] x2APIC: IRQ #253 has been enabled .
[            0 INFO] x2APIC: IRQ #253 has been enabled .
[            0 INFO] x2APIC: IRQ #255 has been enabled .
[            0 INFO] x2APIC: IRQ #255 has been enabled .
[            0 INFO] x2APIC: IRQ #254 has been enabled .
[            0 INFO] x2APIC: IRQ #254 has been enabled .
[            0 INFO] x2APIC: IRQ #253 has been enabled .
[            0 INFO] x2APIC: IRQ #253 has been enabled .
[            0 INFO] x2APIC: IRQ #255 has been enabled .
[            0 INFO] x2APIC: IRQ #255 has been enabled .
[            0 INFO] x2APIC: IRQ #254 has been enabled .
[            0 INFO] x2APIC: IRQ #254 has been enabled .
[            0 INFO] x2APIC: IRQ #253 has been enabled .
[            0 INFO] x2APIC: IRQ #253 has been enabled .
[            0 INFO] x2APIC: IRQ #255 has been enabled .
[            0 INFO] x2APIC: IRQ #255 has been enabled .
[            0 INFO] x2APIC: IRQ #254 has been enabled .
[            0 INFO] x2APIC: IRQ #254 has been enabled .
[            0 INFO] x2APIC: IRQ #253 has been enabled .
[            0 INFO] x2APIC: IRQ #253 has been enabled .
[            0 INFO] x2APIC: IRQ #254 has been enabled .
[            0 INFO] x2APIC: IRQ #255 has been enabled .
[            0 INFO] x2APIC: IRQ #253 has been enabled .
[            0 INFO] x2APIC: IRQ #254 has been enabled .
[            0 INFO] x2APIC: IRQ #253 has been enabled .
[            0 INFO] x2APIC: IRQ #255 has been enabled .
[            0 INFO] x2APIC: IRQ #255 has been enabled .
[            0 INFO] x2APIC: IRQ #255 has been enabled .
[            0 INFO] x2APIC: IRQ #255 has been enabled .
[            0 INFO] x2APIC: IRQ #254 has been enabled .
[            0 INFO] x2APIC: IRQ #254 has been enabled .
[            0 INFO] x2APIC: IRQ #253 has been enabled .
[            0 INFO] x2APIC: IRQ #253 has been enabled .
[            0 INFO] x2APIC: IRQ #254 has been enabled .
[            0 INFO] x2APIC: IRQ #254 has been enabled .
[            0 INFO] x2APIC: IRQ #253 has been enabled .
[            0 INFO] x2APIC: IRQ #253 has been enabled .
[            0 INFO] x2APIC: IRQ #255 has been enabled .
[            0 INFO] x2APIC: IRQ #255 has been enabled .
[            0 INFO] x2APIC: IRQ #254 has been enabled .
[            0 INFO] x2APIC: IRQ #254 has been enabled .
[            0 INFO] x2APIC: IRQ #253 has been enabled .
[            0 INFO] x2APIC: IRQ #253 has been enabled .
[            0 INFO] x2APIC: IRQ #255 has been enabled .
[            0 INFO] x2APIC: IRQ #255 has been enabled .
[            0 INFO] x2APIC: IRQ #254 has been enabled .
[            0 INFO] x2APIC: IRQ #255 has been enabled .
[            0 INFO] x2APIC: IRQ #255 has been enabled .
[            0 INFO] x2APIC: IRQ #254 has been enabled .
[            0 INFO] x2APIC: IRQ #254 has been enabled .
[            0 INFO] x2APIC: IRQ #253 has been enabled .
[            0 INFO] x2APIC: IRQ #253 has been enabled .
[            0 INFO] x2APIC: IRQ #254 has been enabled .
[            0 INFO] x2APIC: IRQ #253 has been enabled .
[            0 INFO] x2APIC: IRQ #253 has been enabled .
[            0 INFO] x2APIC: IRQ #253 has been enabled .
[            0 INFO] A local timer has been initialized.
[            0 INFO] Starting [Awkernel] network servic.