[awkernel USB diag OK]
[            0 INFO] xHCI: PL2303 console writer)
[            0 INFO] xHCI: attaching 0000:e1:00.r
[            0 DEBUG] awkernel_drivers/src/pcie/0
[            0 INFO] xHCI: 0000:e1:00.4 xHCI: HC8
[            0 INFO] xHCI: cmd_ring_phys=0x000000
[            0 INFO] xHCI: 0000:e1:00.4 xHCI: ree
[            0 INFO] xHCI: 0000:e1:00.4 xHCI: BUt
[            0 INFO] xHCI: 0000:e1:00.4 xHCI: dc0
[            0 INFO] xHCI: 0000:e1:00.4 xHCI: sc2
[            0 INFO] xHCI: 0000:e1:00.4 xHCI: sc0
[            0 WARN] awkernel_drivers/src/pcie/ut
[            0 INFO] xHCI: 0000:e1:00.4 xHCI: co)
[            0 DEBUG] awkernel_drivers/src/pcie/d
[            0 INFO] xHCI: 0000:e1:00.4 xHCI: NOe
[            0 INFO] xHCI: 0000:e1:00.4 xHCI: not
[            0 INFO] PCIe: segment_group = 0000  
Bus #00                                          
    0000:00:00.0: Vendor ID = 1022, Device ID = )
    0000:00:00.2: Vendor ID = 1022, Device ID = l
    0000:00:01.0: Vendor ID = 1022, Device ID = )
    0000:00:01.1: Bridge, Bus #01, status = [Cap]
        0000:01:00.0: Vendor ID = 10de, Device Ir
        0000:01:00.1: Vendor ID = 10de, Device Ir
    0000:00:02.0: Vendor ID = 1022, Device ID = )
    0000:00:03.0: Vendor ID = 1022, Device ID = )
    0000:00:04.0: Vendor ID = 1022, Device ID = )
    0000:00:05.0: Vendor ID = 1022, Device ID = )
    0000:00:07.0: Vendor ID = 1022, Device ID = )
    0000:00:07.1: Bridge, Bus #02, status = [Cap]
        0000:02:00.0: Vendor ID = 1022, Device In
    0000:00:14.0: Vendor ID = 1022, Device ID = r
    0000:00:14.3: Vendor ID = 1022, Device ID = )
    0000:00:18.0: Vendor ID = 1022, Device ID = )
    0000:00:18.1: Vendor ID = 1022, Device ID = )
    0000:00:18.2: Vendor ID = 1022, Device ID = )
    0000:00:18.3: Vendor ID = 1022, Device ID = )
    0000:00:18.4: Vendor ID = 1022, Device ID = )
    0000:00:18.5: Vendor ID = 1022, Device ID = )
    0000:00:18.6: Vendor ID = 1022, Device ID = )
    0000:00:18.7: Vendor ID = 1022, Device ID = )
Bus #20                                          
    0000:20:00.0: Vendor ID = 1022, Device ID = )
    0000:20:01.0: Vendor ID = 1022, Device ID = )
    0000:20:02.0: Vendor ID = 1022, Device ID = )
Bus #40                                          
    0000:40:00.0: Vendor ID = 1022, Device ID = )
    0000:40:00.2: Vendor ID = 1022, Device ID = l
    0000:40:01.0: Vendor ID = 1022, Device ID = )
    0000:40:02.0: Vendor ID = 1022, Device ID = )
    0000:40:03.0: Vendor ID = 1022, Device ID = )
    0000:40:04.0: Vendor ID = 1022, Device ID = )
    0000:40:05.0: Vendor ID = 1022, Device ID = )
    0000:40:07.0: Vendor ID = 1022, Device ID = )
    0000:40:07.1: Bridge, Bus #41, status = [Cap]
        0000:41:00.0: Vendor ID = 1022, Device In
        0000:41:00.4 xHCI                        
        0000:41:00.7: Vendor ID = 1022, Device Ir
Bus #60                                          
    0000:60:00.0: Vendor ID = 1022, Device ID = )
    0000:60:01.0: Vendor ID = 1022, Device ID = )
    0000:60:01.2: Bridge, Bus #61, status = [Cap]
        0000:61:00.0: Vendor ID = 1d6a, Device Ir
    0000:60:01.3: Bridge, Bus #62, status = [Cap]
    0000:60:01.4: Bridge, Bus #63, status = [Cap]
        0000:63:00.0: Vendor ID = 14c3, Device Ir
    0000:60:01.5: Bridge, Bus #64, status = [Cap]
        0000:64:00.0 xHCI                        
    0000:60:01.6: Bridge, Bus #65, status = [Cap]
        0000:65:00.0: Bridge, Bus #66, status = ]
            0000:66:0c.0: Bridge, Bus #67, statu]
                0000:67:00.0 xHCI                
            0000:66:0d.0: Bridge, Bus #68, statu]
                0000:68:00.0: Vendor ID = 1022, )
    0000:60:02.0: Vendor ID = 1022, Device ID = )
Bus #80                                          
    0000:80:00.0: Vendor ID = 1022, Device ID = )
    0000:80:01.0: Vendor ID = 1022, Device ID = )
    0000:80:02.0: Vendor ID = 1022, Device ID = )
Bus #a0                                          
    0000:a0:00.0: Vendor ID = 1022, Device ID = )
    0000:a0:00.2: Vendor ID = 1022, Device ID = l
    0000:a0:01.0: Vendor ID = 1022, Device ID = )
    0000:a0:02.0: Vendor ID = 1022, Device ID = )
    0000:a0:03.0: Vendor ID = 1022, Device ID = )
    0000:a0:03.1: Bridge, Bus #a1, status = [Cap]
    0000:a0:03.2: Bridge, Bus #a2, status = [Cap]
    0000:a0:03.3: Bridge, Bus #a3, status = [Cap]
    0000:a0:03.4: Bridge, Bus #a4, status = [Cap]
    0000:a0:03.5: Bridge, Bus #a5, status = [Cap]
    0000:a0:03.6: Bridge, Bus #a6, status = [Cap]
    0000:a0:03.7: Bridge, Bus #a7, status = [Cap]
    0000:a0:04.0: Vendor ID = 1022, Device ID = )
    0000:a0:04.1: Bridge, Bus #a8, status = [Cap]
    0000:a0:05.0: Vendor ID = 1022, Device ID = )
    0000:a0:07.0: Vendor ID = 1022, Device ID = )
    0000:a0:07.1: Bridge, Bus #a9, status = [Cap]
        0000:a9:00.0: Vendor ID = 1022, Device In
        0000:a9:00.5: Vendor ID = 1022, Device Ir
Bus #c0                                          
    0000:c0:00.0: Vendor ID = 1022, Device ID = )
    0000:c0:01.0: Vendor ID = 1022, Device ID = )
    0000:c0:01.1: Bridge, Bus #c1, status = [Cap]
        0000:c1:00.0: Vendor ID = 144d, Device I)
    0000:c0:02.0: Vendor ID = 1022, Device ID = )
Bus #e0                                          
    0000:e0:00.0: Vendor ID = 1022, Device ID = )
    0000:e0:00.2: Vendor ID = 1022, Device ID = l
    0000:e0:01.0: Vendor ID = 1022, Device ID = )
    0000:e0:02.0: Vendor ID = 1022, Device ID = )
    0000:e0:03.0: Vendor ID = 1022, Device ID = )
    0000:e0:04.0: Vendor ID = 1022, Device ID = )
    0000:e0:05.0: Vendor ID = 1022, Device ID = )
    0000:e0:07.0: Vendor ID = 1022, Device ID = )
    0000:e0:07.1: Bridge, Bus #e1, status = [Cap]
        0000:e1:00.0: Vendor ID = 1022, Device In
        0000:e1:00.4 xHCI                        
                                                 
[            0 INFO] CPU#1 is starting.          
[            0 INFO] CPU#2 is starting.          
[            0 INFO] CPU#3 is starting.          
[            0 INFO] CPU#5 is starting.          
[            0 INFO] CPU#4 is starting.          
[            0 INFO] CPU#7 is starting.          
[            0 INFO] CPU#6 is starting.          
[            0 INFO] CPU#8 is starting.          
[            0 INFO] CPU#9 is starting.          
[            0 INFO] CPU#10 is starting.         
[            0 INFO] CPU#11 is starting.         
[            0 INFO] CPU#13 is starting.         
[            0 INFO] CPU#12 is starting.         
[            0 INFO] CPU#14 is starting.         
[            0 INFO] CPU#15 is starting.         
[            0 INFO] CPU#16 is starting.         
[            0 INFO] CPU#17 is starting.         
[            0 INFO] CPU#19 is starting.         
[            0 INFO] CPU#18 is starting.         
[            0 INFO] CPU#21 is starting.         
[            0 INFO] CPU#20 is starting.         
[            0 INFO] CPU#22 is starting.         
[            0 INFO] CPU#23 is starting.         
[            0 INFO] CPU#24 is starting.         
[            0 INFO] CPU#25 is starting.         
[            0 INFO] CPU#26 is starting.         
[            0 INFO] CPU#27 is starting.         
[            0 INFO] CPU#28 is starting.         
[            0 INFO] CPU#29 is starting.         
[            0 INFO] CPU#31 is starting.         
[            0 INFO] CPU#30 is starting.         
[            0 INFO] CPU#32 is starting.         
[            0 INFO] CPU#33 is starting.         
[            0 INFO] CPU#34 is starting.         
[            0 INFO] CPU#35 is starting.         
[            0 INFO] CPU#37 is starting.         
[            0 INFO] CPU#36 is starting.         
[            0 INFO] CPU#38 is starting.         
[            0 INFO] CPU#39 is starting.         
[            0 INFO] CPU#40 is starting.         
[            0 INFO] CPU#41 is starting.         
[            0 INFO] CPU#42 is starting.         
[            0 INFO] CPU#43 is starting.         
[            0 INFO] CPU#45 is starting.         
[            0 INFO] CPU#44 is starting.         
[            0 INFO] CPU#46 is starting.         
[            0 INFO] CPU#47 is starting.         
[            0 INFO] Synchronized TSCs.          
[            0 INFO] All CPUs are ready.         
[            0 INFO] RTC time: 2026-05-08 05:32:0
[            0 INFO] CPU#0 is starting.          
[            0 INFO] x2APIC: IRQ #254 has been e.
[            0 INFO] interrupt::INTERRUPT_CONTRO.
[            0 INFO] interrupt::PREEMPT_FN has b.
[            0 INFO] timer::TIMER has been initi.
[            0 INFO] x2APIC: IRQ #255 has been e.
[            0 INFO] x2APIC: IRQ #255 has been e.
[            0 INFO] x2APIC: IRQ #255 has been e.
[            0 INFO] x2APIC: IRQ #254 has been e.
[            0 INFO] x2APIC: IRQ #255 has been e.
[            0 INFO] x2APIC: IRQ #253 has been e.
[            0 INFO] x2APIC: IRQ #254 has been e.
[            0 INFO] x2APIC: IRQ #253 has been e.
[            0 INFO] x2APIC: IRQ #255 has been e.
[            0 INFO] x2APIC: IRQ #254 has been e.
[            0 INFO] x2APIC: IRQ #253 has been e.
[            0 INFO] x2APIC: IRQ #255 has been e.
[            0 INFO] x2APIC: IRQ #255 has been e.
[            0 INFO] x2APIC: IRQ #254 has been e.
[            0 INFO] x2APIC: IRQ #254 has been e.
[            0 INFO] x2APIC: IRQ #253 has been e.
[            0 INFO] x2APIC: IRQ #253 has been e.
[            0 INFO] x2APIC: IRQ #255 has been e.
[            0 INFO] x2APIC: IRQ #255 has been e.
[            0 INFO] x2APIC: IRQ #254 has been e.
[            0 INFO] x2APIC: IRQ #254 has been e.
[            0 INFO] x2APIC: IRQ #253 has been e.
[            0 INFO] x2APIC: IRQ #253 has been e.
[            0 INFO] x2APIC: IRQ #255 has been e.
[            0 INFO] x2APIC: IRQ #255 has been e.
[            0 INFO] x2APIC: IRQ #254 has been e.
[            0 INFO] x2APIC: IRQ #254 has been e.
[            0 INFO] x2APIC: IRQ #253 has been e.
[            0 INFO] x2APIC: IRQ #253 has been e.
[            0 INFO] x2APIC: IRQ #255 has been e.
[            0 INFO] x2APIC: IRQ #255 has been e.
[            0 INFO] x2APIC: IRQ #255 has been e.
[            0 INFO] x2APIC: IRQ #254 has been e.
[            0 INFO] x2APIC: IRQ #254 has been e.
[            0 INFO] x2APIC: IRQ #253 has been e.
[            0 INFO] x2APIC: IRQ #253 has been e.
[            0 INFO] x2APIC: IRQ #254 has been e.
[            0 INFO] x2APIC: IRQ #255 has been e.
[            0 INFO] x2APIC: IRQ #253 has been e.
[            0 INFO] x2APIC: IRQ #254 has been e.
[            0 INFO] x2APIC: IRQ #253 has been e.
[            0 INFO] x2APIC: IRQ #255 has been e.
[            0 INFO] x2APIC: IRQ #255 has been e.
[            0 INFO] x2APIC: IRQ #254 has been e.
[            0 INFO] x2APIC: IRQ #255 has been e.
[            0 INFO] x2APIC: IRQ #253 has been e.
[            0 INFO] x2APIC: IRQ #254 has been e.
[            0 INFO] x2APIC: IRQ #253 has been e.
[            0 INFO] x2APIC: IRQ #255 has been e.
[            0 INFO] x2APIC: IRQ #254 has been e.
[            0 INFO] x2APIC: IRQ #255 has been e.
[            0 INFO] x2APIC: IRQ #253 has been e.
[            0 INFO] x2APIC: IRQ #254 has been e.
[            0 INFO] x2APIC: IRQ #253 has been e.
[            0 INFO] x2APIC: IRQ #255 has been e.
[            0 INFO] x2APIC: IRQ #255 has been e.
[            0 INFO] x2APIC: IRQ #254 has been e.
[            0 INFO] x2APIC: IRQ #255 has been e.
[            0 INFO] x2APIC: IRQ #253 has been e.
[            0 INFO] x2APIC: IRQ #254 has been e.
[            0 INFO] x2APIC: IRQ #253 has been e.
[            0 INFO] x2APIC: IRQ #254 has been e.
[            0 INFO] x2APIC: IRQ #254 has been e.
[            0 INFO] x2APIC: IRQ #255 has been e.
[            0 INFO] x2APIC: IRQ #253 has been e.
[            0 INFO] x2APIC: IRQ #254 has been e.
[            0 INFO] x2APIC: IRQ #253 has been e.
[            0 INFO] x2APIC: IRQ #253 has been e.
[            0 INFO] x2APIC: IRQ #255 has been e.
[            0 INFO] x2APIC: IRQ #254 has been e.
[            0 INFO] x2APIC: IRQ #253 has been e.
[            0 INFO] x2APIC: IRQ #255 has been e.
[            0 INFO] x2APIC: IRQ #255 has been e.
[            0 INFO] x2APIC: IRQ #254 has been e.
[            0 INFO] x2APIC: IRQ #254 has been e.
[            0 INFO] x2APIC: IRQ #253 has been e.
[            0 INFO] x2APIC: IRQ #253 has been e.
[            0 INFO] x2APIC: IRQ #255 has been e.
[            0 INFO] x2APIC: IRQ #255 has been e.
[            0 INFO] x2APIC: IRQ #254 has been e.
[            0 INFO] x2APIC: IRQ #254 has been e.
[            0 INFO] x2APIC: IRQ #253 has been e.
[            0 INFO] x2APIC: IRQ #253 has been e.
[            0 INFO] x2APIC: IRQ #255 has been e.
[            0 INFO] x2APIC: IRQ #255 has been e.
[            0 INFO] x2APIC: IRQ #255 has been e.
[            0 INFO] x2APIC: IRQ #254 has been e.
[            0 INFO] x2APIC: IRQ #254 has been e.
[            0 INFO] x2APIC: IRQ #253 has been e.
[            0 INFO] x2APIC: IRQ #253 has been e.
[            0 INFO] x2APIC: IRQ #255 has been e.
[            0 INFO] x2APIC: IRQ #255 has been e.
[            0 INFO] x2APIC: IRQ #254 has been e.
[            0 INFO] x2APIC: IRQ #254 has been e.
[            0 INFO] x2APIC: IRQ #253 has been e.
[            0 INFO] x2APIC: IRQ #253 has been e.
[            0 INFO] x2APIC: IRQ #255 has been e.
[            0 INFO] x2APIC: IRQ #255 has been e.
[            0 INFO] x2APIC: IRQ #254 has been e.
[            0 INFO] x2APIC: IRQ #254 has been e.
[            0 INFO] x2APIC: IRQ #253 has been e.
[            0 INFO] x2APIC: IRQ #253 has been e.
[            0 INFO] x2APIC: IRQ #255 has been e.
[            0 INFO] x2APIC: IRQ #254 has been e.
[            0 INFO] x2APIC: IRQ #254 has been e.
[            0 INFO] x2APIC: IRQ #253 has been e.
[            0 INFO] x2APIC: IRQ #253 has been e.
[            0 INFO] x2APIC: IRQ #255 has been e.
[            0 INFO] x2APIC: IRQ #255 has been e.
[            0 INFO] x2APIC: IRQ #254 has been e.
[            0 INFO] x2APIC: IRQ #254 has been e.
[            0 INFO] x2APIC: IRQ #253 has been e.
[            0 INFO] x2APIC: IRQ #255 has been e.
[            0 INFO] x2APIC: IRQ #255 has been e.
[            0 INFO] x2APIC: IRQ #254 has been e.
[            0 INFO] x2APIC: IRQ #254 has been e.
[            0 INFO] x2APIC: IRQ #253 has been e.
[            0 INFO] x2APIC: IRQ #253 has been e.
[            0 INFO] x2APIC: IRQ #253 has been e.
[            0 INFO] x2APIC: IRQ #255 has been e.
[            0 INFO] x2APIC: IRQ #255 has been e.
[            0 INFO] x2APIC: IRQ #254 has been e.
[            0 INFO] x2APIC: IRQ #254 has been e.
[            0 INFO] x2APIC: IRQ #255 has been e.
[            0 INFO] x2APIC: IRQ #253 has been e.
[            0 INFO] x2APIC: IRQ #254 has been e.
[            0 INFO] x2APIC: IRQ #253 has been e.
[            0 INFO] x2APIC: IRQ #255 has been e.
[            0 INFO] x2APIC: IRQ #254 has been e.
[            0 INFO] x2APIC: IRQ #253 has been e.
[            0 INFO] x2APIC: IRQ #253 has been e.
[            0 INFO] x2APIC: IRQ #254 has been e.
[            0 INFO] x2APIC: IRQ #255 has been e.
[            0 INFO] x2APIC: IRQ #253 has been e.
[            0 INFO] x2APIC: IRQ #254 has been e.
[            0 INFO] x2APIC: IRQ #253 has been e.
[            0 INFO] x2APIC: IRQ #254 has been e.
[            0 INFO] x2APIC: IRQ #255 has been e.
[            0 INFO] x2APIC: IRQ #253 has been e.
[            0 INFO] x2APIC: IRQ #254 has been e.
[            0 INFO] x2APIC: IRQ #253 has been e.
[            0 INFO] x2APIC: IRQ #253 has been e.
[            0 INFO] A local timer has been init.
[            0 INFO] Starting [Awkernel] network.
[            0 INFO] Network service: TCP garbagd
[            0 INFO] Network service: Network ind
[            0 INFO] Network service: Getting als
[            0 INFO] net::get_all_interface: stat
[            0 INFO] net::get_all_interface: locd
[            0 INFO] net::get_all_interface: ids0