[awkernel USB diag OK]
[        13978 INFO] xHCI: PL2303 console writer registered (slot=2)
[        13996 INFO] xHCI: attaching 0000:e1:00.4, Device ID = 1557, PCIe Class = SerialBusController
[        14023 DEBUG] awkernel_drivers/src/pcie/usb/xhci/mod.rs:428: xHCI: CAPLENGTH=0x20 HCSPARAMS1=0x04000840 HCSPARAMS2=0x140000f1 HCC0
[        14073 INFO] xHCI: 0000:e1:00.4 xHCI: HCIVERSION=0x0120 ports=4 slots=64 interrupters=8
[        14098 INFO] xHCI: cmd_ring_phys=0x000000000f208000  evt_seg_phys=0x000000000f20a000  erst_phys=0x000000000f20c000
[        14130 INFO] xHCI: 0000:e1:00.4 xHCI: reset complete
[        14146 INFO] xHCI: 0000:e1:00.4 xHCI: BUS_MASTER confirmed set
[        14164 INFO] xHCI: 0000:e1:00.4 xHCI: dcbaa=0x000000000f20e000 crcr=0x000000000f208000 erst=0x000000000f20c000 erdp=0x000000000f20
[        14202 INFO] xHCI: 0000:e1:00.4 xHCI: scratchpad count=2
[        14219 INFO] xHCI: 0000:e1:00.4 xHCI: scratchpad array phys=0x000000000f210000
[        14242 INFO] xHCI: 0000:e1:00.4 xHCI: MSI-X interrupt registered
[        14261 INFO] x2APIC: IRQ #66 has been disabled on CPU#0.
[        14278 INFO] xHCI: 0000:e1:00.4 xHCI: controller running (INTE=true)
[        14298 DEBUG] awkernel_drivers/src/pcie/usb/xhci/mod.rs:764: xHCI: 0000:e1:00.4 xHCI: NOOP command enqueued
[        14328 INFO] xHCI: 0000:e1:00.4 xHCI: NOOP command OK — command ring is alive
[        14851 INFO] xHCI: 0000:e1:00.4 xHCI: no device found at boot
[        14869 INFO] PCIe: segment_group = 0000
Bus #00
    0000:00:00.0: Vendor ID = 1022, Device ID = 153a, PCIe Class = BridgeDevice(HostBridge)
    0000:00:00.2: Vendor ID = 1022, Device ID = 153b, PCIe Class = BaseSystemPeripheral
    0000:00:01.0: Vendor ID = 1022, Device ID = 153d, PCIe Class = BridgeDevice(HostBridge)
    0000:00:01.1: Bridge, Bus #01, status = [Capabilities List], command = [Bus Master, Memory Space, IO Space]
        0000:01:00.0: Vendor ID = 10de, Device ID = 2b85, PCIe Class = DisplayController
        0000:01:00.1: Vendor ID = 10de, Device ID = 22e8, PCIe Class = MultimediaController
    0000:00:02.0: Vendor ID = 1022, Device ID = 153d, PCIe Class = BridgeDevice(HostBridge)
    0000:00:03.0: Vendor ID = 1022, Device ID = 153d, PCIe Class = BridgeDevice(HostBridge)
    0000:00:04.0: Vendor ID = 1022, Device ID = 153d, PCIe Class = BridgeDevice(HostBridge)
    0000:00:05.0: Vendor ID = 1022, Device ID = 153d, PCIe Class = BridgeDevice(HostBridge)
    0000:00:07.0: Vendor ID = 1022, Device ID = 153d, PCIe Class = BridgeDevice(HostBridge)
    0000:00:07.1: Bridge, Bus #02, status = [Capabilities List], command = [Bus Master, Memory Space, IO Space]
        0000:02:00.0: Vendor ID = 1022, Device ID = 1556, PCIe Class = NonEssentialInstrumentation
    0000:00:14.0: Vendor ID = 1022, Device ID = 790b, PCIe Class = SerialBusController
    0000:00:14.3: Vendor ID = 1022, Device ID = 790e, PCIe Class = BridgeDevice(ISA)
    0000:00:18.0: Vendor ID = 1022, Device ID = 12c0, PCIe Class = BridgeDevice(HostBridge)
    0000:00:18.1: Vendor ID = 1022, Device ID = 12c1, PCIe Class = BridgeDevice(HostBridge)
    0000:00:18.2: Vendor ID = 1022, Device ID = 12c2, PCIe Class = BridgeDevice(HostBridge)
    0000:00:18.3: Vendor ID = 1022, Device ID = 12c3, PCIe Class = BridgeDevice(HostBridge)
    0000:00:18.4: Vendor ID = 1022, Device ID = 12c4, PCIe Class = BridgeDevice(HostBridge)
    0000:00:18.5: Vendor ID = 1022, Device ID = 12c5, PCIe Class = BridgeDevice(HostBridge)
    0000:00:18.6: Vendor ID = 1022, Device ID = 12c6, PCIe Class = BridgeDevice(HostBridge)
    0000:00:18.7: Vendor ID = 1022, Device ID = 12c7, PCIe Class = BridgeDevice(HostBridge)
Bus #20
    0000:20:00.0: Vendor ID = 1022, Device ID = 153a, PCIe Class = BridgeDevice(HostBridge)
    0000:20:01.0: Vendor ID = 1022, Device ID = 153d, PCIe Class = BridgeDevice(HostBridge)
    0000:20:02.0: Vendor ID = 1022, Device ID = 153d, PCIe Class = BridgeDevice(HostBridge)
Bus #40
    0000:40:00.0: Vendor ID = 1022, Device ID = 153a, PCIe Class = BridgeDevice(HostBridge)
    0000:40:00.2: Vendor ID = 1022, Device ID = 153b, PCIe Class = BaseSystemPeripheral                                                   
    0000:40:01.0: Vendor ID = 1022, Device ID = 153d, PCIe Class = BridgeDevice(HostBridge)
    0000:40:02.0: Vendor ID = 1022, Device ID = 153d, PCIe Class = BridgeDevice(HostBridge)
    0000:40:03.0: Vendor ID = 1022, Device ID = 153d, PCIe Class = BridgeDevice(HostBridge)
    0000:40:04.0: Vendor ID = 1022, Device ID = 153d, PCIe Class = BridgeDevice(HostBridge)
    0000:40:05.0: Vendor ID = 1022, Device ID = 153d, PCIe Class = BridgeDevice(HostBridge)
    0000:40:07.0: Vendor ID = 1022, Device ID = 153d, PCIe Class = BridgeDevice(HostBridge)
    0000:40:07.1: Bridge, Bus #41, status = [Capabilities List], command = [Bus Master, Memory Space, IO Space]
        0000:41:00.0: Vendor ID = 1022, Device ID = 1556, PCIe Class = NonEssentialInstrumentation
        0000:41:00.4 xHCI
        0000:41:00.7: Vendor ID = 1022, Device ID = 14cc, PCIe Class = MultimediaController
Bus #60
    0000:60:00.0: Vendor ID = 1022, Device ID = 153a, PCIe Class = BridgeDevice(HostBridge)
    0000:60:01.0: Vendor ID = 1022, Device ID = 153d, PCIe Class = BridgeDevice(HostBridge)
    0000:60:01.2: Bridge, Bus #61, status = [Capabilities List], command = [Bus Master, Memory Space, IO Space]
        0000:61:00.0: Aquantia AQC Atlantic Ethernet Controller, status = [Capabilities List], command = [Bus Master, Memory Space]
    0000:60:01.3: Bridge, Bus #62, status = [Capabilities List], command = [Bus Master, Memory Space, IO Space]
        0000:62:00.0: Intel I225/I226 2.5 GbE, status = [Capabilities List], command = [Interrupt Disable, Bus Master, Memory Space]
    0000:60:01.4: Bridge, Bus #63, status = [Capabilities List], command = [Bus Master, Memory Space, IO Space]
        0000:63:00.0: Vendor ID = 14c3, Device ID = 7925, PCIe Class = NetworkController
    0000:60:01.5: Bridge, Bus #64, status = [Capabilities List], command = [Bus Master, Memory Space, IO Space]
        0000:64:00.0 xHCI
    0000:60:01.6: Bridge, Bus #65, status = [Capabilities List], command = [Bus Master, Memory Space, IO Space]
        0000:65:00.0: Bridge, Bus #66, status = [Capabilities List], command = [Bus Master, Memory Space, IO Space]
            0000:66:0c.0: Bridge, Bus #67, status = [Capabilities List], command = [Bus Master, Memory Space, IO Space]
                0000:67:00.0 xHCI
            0000:66:0d.0: Bridge, Bus #68, status = [Capabilities List], command = [Bus Master, Memory Space, IO Space]
                0000:68:00.0: Vendor ID = 1022, Device ID = 43f6, PCIe Class = MassStorageController(SerialAta)
    0000:60:02.0: Vendor ID = 1022, Device ID = 153d, PCIe Class = BridgeDevice(HostBridge)
Bus #80
    0000:80:00.0: Vendor ID = 1022, Device ID = 153a, PCIe Class = BridgeDevice(HostBridge)
    0000:80:01.0: Vendor ID = 1022, Device ID = 153d, PCIe Class = BridgeDevice(HostBridge)
    0000:80:02.0: Vendor ID = 1022, Device ID = 153d, PCIe Class = BridgeDevice(HostBridge)
Bus #a0
    0000:a0:00.0: Vendor ID = 1022, Device ID = 153a, PCIe Class = BridgeDevice(HostBridge)
    0000:a0:00.2: Vendor ID = 1022, Device ID = 153b, PCIe Class = BaseSystemPeripheral
    0000:a0:01.0: Vendor ID = 1022, Device ID = 153d, PCIe Class = BridgeDevice(HostBridge)
    0000:a0:02.0: Vendor ID = 1022, Device ID = 153d, PCIe Class = BridgeDevice(HostBridge)
    0000:a0:03.0: Vendor ID = 1022, Device ID = 153d, PCIe Class = BridgeDevice(HostBridge)
    0000:a0:03.1: Bridge, Bus #a1, status = [Capabilities List], command = [Bus Master, Memory Space, IO Space]
    0000:a0:03.2: Bridge, Bus #a2, status = [Capabilities List], command = [Bus Master, Memory Space, IO Space]
    0000:a0:03.3: Bridge, Bus #a3, status = [Capabilities List], command = [Bus Master, Memory Space, IO Space]
    0000:a0:03.4: Bridge, Bus #a4, status = [Capabilities List], command = [Bus Master, Memory Space, IO Space]
    0000:a0:03.5: Bridge, Bus #a5, status = [Capabilities List], command = [Bus Master, Memory Space, IO Space]
    0000:a0:03.6: Bridge, Bus #a6, status = [Capabilities List], command = [Bus Master, Memory Space, IO Space]
    0000:a0:03.7: Bridge, Bus #a7, status = [Capabilities List], command = [Bus Master, Memory Space, IO Space]
    0000:a0:04.0: Vendor ID = 1022, Device ID = 153d, PCIe Class = BridgeDevice(HostBridge)
    0000:a0:04.1: Bridge, Bus #a8, status = [Capabilities List], command = [Bus Master, Memory Space, IO Space]
    0000:a0:05.0: Vendor ID = 1022, Device ID = 153d, PCIe Class = BridgeDevice(HostBridge)
    0000:a0:07.0: Vendor ID = 1022, Device ID = 153d, PCIe Class = BridgeDevice(HostBridge)
    0000:a0:07.1: Bridge, Bus #a9, status = [Capabilities List], command = [Bus Master, Memory Space, IO Space]
        0000:a9:00.0: Vendor ID = 1022, Device ID = 1556, PCIe Class = NonEssentialInstrumentation
        0000:a9:00.5: Vendor ID = 1022, Device ID = 156e, PCIe Class = EncryptionController
Bus #c0
    0000:c0:00.0: Vendor ID = 1022, Device ID = 153a, PCIe Class = BridgeDevice(HostBridge)
    0000:c0:01.0: Vendor ID = 1022, Device ID = 153d, PCIe Class = BridgeDevice(HostBridge)
    0000:c0:01.1: Bridge, Bus #c1, status = [Capabilities List], command = [Bus Master, Memory Space, IO Space]
        0000:c1:00.0: Vendor ID = 144d, Device ID = a80c, PCIe Class = MassStorageController(Nvm(NvmExpressIOController))
    0000:c0:02.0: Vendor ID = 1022, Device ID = 153d, PCIe Class = BridgeDevice(HostBridge)
Bus #e0
    0000:e0:00.0: Vendor ID = 1022, Device ID = 153a, PCIe Class = BridgeDevice(HostBridge)
    0000:e0:00.2: Vendor ID = 1022, Device ID = 153b, PCIe Class = BaseSystemPeripheral
    0000:e0:01.0: Vendor ID = 1022, Device ID = 153d, PCIe Class = BridgeDevice(HostBridge)
    0000:e0:02.0: Vendor ID = 1022, Device ID = 153d, PCIe Class = BridgeDevice(HostBridge)
    0000:e0:03.0: Vendor ID = 1022, Device ID = 153d, PCIe Class = BridgeDevice(HostBridge)
    0000:e0:04.0: Vendor ID = 1022, Device ID = 153d, PCIe Class = BridgeDevice(HostBridge)
    0000:e0:05.0: Vendor ID = 1022, Device ID = 153d, PCIe Class = BridgeDevice(HostBridge)
    0000:e0:07.0: Vendor ID = 1022, Device ID = 153d, PCIe Class = BridgeDevice(HostBridge)
    0000:e0:07.1: Bridge, Bus #e1, status = [Capabilities List], command = [Bus Master, Memory Space, IO Space]
        0000:e1:00.0: Vendor ID = 1022, Device ID = 1556, PCIe Class = NonEssentialInstrumentation
        0000:e1:00.4 xHCI

[        18074 INFO] CPU#1 is starting.
[        18084 INFO] CPU#3 is starting.
[        18095 INFO] CPU#2 is starting.
[        18105 INFO] CPU#5 is starting.
[        18116 INFO] CPU#4 is starting.
[        18126 INFO] CPU#7 is starting.
[        18137 INFO] CPU#6 is starting.
[        18148 INFO] CPU#8 is starting.
[        18158 INFO] CPU#9 is starting.
[        18169 INFO] CPU#10 is starting.
[        18180 INFO] CPU#11 is starting.
[        18191 INFO] CPU#13 is starting.
[        18201 INFO] CPU#12 is starting.
[        18212 INFO] CPU#15 is starting.
[        18223 INFO] CPU#14 is starting.
[        18234 INFO] CPU#16 is starting.
[        18245 INFO] CPU#17 is starting.
[        18256 INFO] CPU#18 is starting.
[        18267 INFO] CPU#19 is starting.
[        18277 INFO] CPU#21 is starting.
[        18288 INFO] CPU#20 is starting.
[        18299 INFO] CPU#22 is starting.
[        18310 INFO] CPU#23 is starting.
[        18321 INFO] CPU#24 is starting.
[        18332 INFO] CPU#25 is starting.
[        18343 INFO] CPU#27 is starting.
[        18353 INFO] CPU#26 is starting.
[        18364 INFO] CPU#29 is starting.
[        18375 INFO] CPU#28 is starting.
[        18386 INFO] CPU#31 is starting.
[        18397 INFO] CPU#30 is starting.
[        18408 INFO] CPU#32 is starting.
[        18419 INFO] CPU#33 is starting.
[        18429 INFO] CPU#34 is starting.
[        18440 INFO] CPU#35 is starting.
[        18451 INFO] CPU#36 is starting.
[        18462 INFO] CPU#37 is starting.
[        18473 INFO] CPU#38 is starting.
[        18484 INFO] CPU#39 is starting.
[        18495 INFO] CPU#40 is starting.
[        18505 INFO] CPU#41 is starting.
[        18516 INFO] CPU#42 is starting.
[        18527 INFO] CPU#43 is starting.
[        18538 INFO] CPU#45 is starting.
[        18549 INFO] CPU#44 is starting.
[        18560 INFO] CPU#46 is starting.
[        18571 INFO] Synchronized TSCs.
[        18581 INFO] CPU#47 is starting.
[        18592 INFO] All CPUs are ready.
[        18603 INFO] RTC time: 2026-05-08 15:15:37
[        18616 INFO] CPU#0 is starting.
[        18627 INFO] x2APIC: IRQ #254 has been enabled on CPU#0.
[        18644 INFO] interrupt::INTERRUPT_CONTROLLER has been initialized.
[        18664 INFO] interrupt::PREEMPT_FN has been initialized.
[        18681 INFO] timer::TIMER has been initialized.
[        18695 INFO] x2APIC: IRQ #255 has been enabled on CPU#6.
[        18712 INFO] x2APIC: IRQ #255 has been enabled on CPU#1.
[        18730 INFO] x2APIC: IRQ #254 has been enabled on CPU#1.
[        18747 INFO] x2APIC: IRQ #254 has been enabled on CPU#6.
[        18764 INFO] x2APIC: IRQ #253 has been enabled on CPU#1.
[        18781 INFO] x2APIC: IRQ #255 has been enabled on CPU#2.
[        18798 INFO] x2APIC: IRQ #253 has been enabled on CPU#6.
[        18815 INFO] x2APIC: IRQ #254 has been enabled on CPU#2.
[        18832 INFO] x2APIC: IRQ #255 has been enabled on CPU#7.
[        18849 INFO] x2APIC: IRQ #254 has been enabled on CPU#7.
[        18866 INFO] x2APIC: IRQ #253 has been enabled on CPU#7.
[        18883 INFO] x2APIC: IRQ #255 has been enabled on CPU#10.
[        18900 INFO] x2APIC: IRQ #255 has been enabled on CPU#11.
[        18918 INFO] x2APIC: IRQ #254 has been enabled on CPU#10.
[        18935 INFO] x2APIC: IRQ #254 has been enabled on CPU#11.
[        18952 INFO] x2APIC: IRQ #255 has been enabled on CPU#8.
[        18969 INFO] x2APIC: IRQ #253 has been enabled on CPU#11.
[        18987 INFO] x2APIC: IRQ #255 has been enabled on CPU#9.
[        19004 INFO] x2APIC: IRQ #253 has been enabled on CPU#10.
[        19021 INFO] x2APIC: IRQ #254 has been enabled on CPU#8.
[        19038 INFO] x2APIC: IRQ #254 has been enabled on CPU#9.
[        19055 INFO] x2APIC: IRQ #253 has been enabled on CPU#8.
[        19072 INFO] x2APIC: IRQ #253 has been enabled on CPU#9.
[        19089 INFO] x2APIC: IRQ #255 has been enabled on CPU#5.
[        19106 INFO] x2APIC: IRQ #255 has been enabled on CPU#4.
[        19123 INFO] x2APIC: IRQ #254 has been enabled on CPU#5.
[        19141 INFO] x2APIC: IRQ #254 has been enabled on CPU#4.
[        19158 INFO] x2APIC: IRQ #253 has been enabled on CPU#5.
[        19175 INFO] x2APIC: IRQ #253 has been enabled on CPU#4.
[        19192 INFO] x2APIC: IRQ #253 has been enabled on CPU#2.
[        19209 INFO] x2APIC: IRQ #255 has been enabled on CPU#3.
[        19226 INFO] x2APIC: IRQ #254 has been enabled on CPU#3.
[        19243 INFO] x2APIC: IRQ #253 has been enabled on CPU#3.
[        19260 INFO] x2APIC: IRQ #255 has been enabled on CPU#34.
[        19277 INFO] x2APIC: IRQ #255 has been enabled on CPU#33.
[        19295 INFO] x2APIC: IRQ #254 has been enabled on CPU#34.
[        19312 INFO] x2APIC: IRQ #255 has been enabled on CPU#30.
[        19329 INFO] x2APIC: IRQ #255 has been enabled on CPU#35.
[        19347 INFO] x2APIC: IRQ #255 has been enabled on CPU#31.
[        19364 INFO] x2APIC: IRQ #254 has been enabled on CPU#31.
[        19381 INFO] x2APIC: IRQ #254 has been enabled on CPU#30.
[        19398 INFO] x2APIC: IRQ #253 has been enabled on CPU#31.
[        19416 INFO] x2APIC: IRQ #253 has been enabled on CPU#30.
[        19433 INFO] x2APIC: IRQ #254 has been enabled on CPU#33.
[        19450 INFO] x2APIC: IRQ #255 has been enabled on CPU#32.
[        19468 INFO] x2APIC: IRQ #253 has been enabled on CPU#33.
[        19485 INFO] x2APIC: IRQ #254 has been enabled on CPU#32.
[        19502 INFO] x2APIC: IRQ #253 has been enabled on CPU#32.
[        19520 INFO] x2APIC: IRQ #253 has been enabled on CPU#34.
[        19537 INFO] x2APIC: IRQ #254 has been enabled on CPU#35.
[        19554 INFO] x2APIC: IRQ #253 has been enabled on CPU#35.
[        19572 INFO] x2APIC: IRQ #255 has been enabled on CPU#27.
[        19589 INFO] x2APIC: IRQ #255 has been enabled on CPU#29.
[        19606 INFO] x2APIC: IRQ #255 has been enabled on CPU#26.
[        19624 INFO] x2APIC: IRQ #254 has been enabled on CPU#29.
[        19641 INFO] x2APIC: IRQ #254 has been enabled on CPU#26.
[        19658 INFO] x2APIC: IRQ #253 has been enabled on CPU#29.
[        19676 INFO] x2APIC: IRQ #253 has been enabled on CPU#26.
[        19693 INFO] x2APIC: IRQ #255 has been enabled on CPU#28.
[        19710 INFO] x2APIC: IRQ #254 has been enabled on CPU#27.
[        19728 INFO] x2APIC: IRQ #254 has been enabled on CPU#28.
[        19745 INFO] x2APIC: IRQ #253 has been enabled on CPU#27.
[        19762 INFO] x2APIC: IRQ #253 has been enabled on CPU#28.
[        19779 INFO] x2APIC: IRQ #255 has been enabled on CPU#24.
[        19797 INFO] x2APIC: IRQ #255 has been enabled on CPU#25.
[        19814 INFO] x2APIC: IRQ #254 has been enabled on CPU#24.
[        19831 INFO] x2APIC: IRQ #254 has been enabled on CPU#25.
[        19849 INFO] x2APIC: IRQ #253 has been enabled on CPU#24.
[        19866 INFO] x2APIC: IRQ #253 has been enabled on CPU#25.
[        19883 INFO] x2APIC: IRQ #255 has been enabled on CPU#14.
[        19901 INFO] x2APIC: IRQ #255 has been enabled on CPU#15.
[        19918 INFO] x2APIC: IRQ #254 has been enabled on CPU#14.
[        19935 INFO] x2APIC: IRQ #254 has been enabled on CPU#15.
[        19953 INFO] x2APIC: IRQ #253 has been enabled on CPU#14.
[        19970 INFO] x2APIC: IRQ #253 has been enabled on CPU#15.
[        19987 INFO] x2APIC: IRQ #255 has been enabled on CPU#23.
[        20005 INFO] x2APIC: IRQ #255 has been enabled on CPU#22.
[        20022 INFO] x2APIC: IRQ #254 has been enabled on CPU#23.
[        20039 INFO] x2APIC: IRQ #255 has been enabled on CPU#13.
[        20057 INFO] x2APIC: IRQ #253 has been enabled on CPU#23.
[        20074 INFO] x2APIC: IRQ #254 has been enabled on CPU#13.
[        20091 INFO] x2APIC: IRQ #254 has been enabled on CPU#22.
[        20109 INFO] x2APIC: IRQ #253 has been enabled on CPU#22.
[        20126 INFO] x2APIC: IRQ #255 has been enabled on CPU#21.
[        20143 INFO] x2APIC: IRQ #255 has been enabled on CPU#20.
[        20160 INFO] x2APIC: IRQ #255 has been enabled on CPU#19.
[        20178 INFO] x2APIC: IRQ #254 has been enabled on CPU#20.
[        20195 INFO] x2APIC: IRQ #254 has been enabled on CPU#21.
[        20212 INFO] x2APIC: IRQ #253 has been enabled on CPU#20.
[        20230 INFO] x2APIC: IRQ #253 has been enabled on CPU#21.
[        20247 INFO] x2APIC: IRQ #253 has been enabled on CPU#13.
[        20264 INFO] x2APIC: IRQ #255 has been enabled on CPU#12.
[        20282 INFO] x2APIC: IRQ #254 has been enabled on CPU#12.
[        20299 INFO] x2APIC: IRQ #253 has been enabled on CPU#12.
[        20316 INFO] x2APIC: IRQ #255 has been enabled on CPU#18.
[        20334 INFO] x2APIC: IRQ #254 has been enabled on CPU#19.
[        20351 INFO] x2APIC: IRQ #254 has been enabled on CPU#18.
[        20368 INFO] x2APIC: IRQ #253 has been enabled on CPU#19.
[        20386 INFO] x2APIC: IRQ #253 has been enabled on CPU#18.
[        20403 INFO] x2APIC: IRQ #255 has been enabled on CPU#16.
[        20420 INFO] x2APIC: IRQ #255 has been enabled on CPU#17.
[        20438 INFO] x2APIC: IRQ #254 has been enabled on CPU#16.
[        20455 INFO] x2APIC: IRQ #254 has been enabled on CPU#17.
[        20472 INFO] x2APIC: IRQ #253 has been enabled on CPU#16.
[        20489 INFO] x2APIC: IRQ #253 has been enabled on CPU#17.
[        20507 INFO] x2APIC: IRQ #255 has been enabled on CPU#46.
[        20524 INFO] x2APIC: IRQ #255 has been enabled on CPU#47.
[        20541 INFO] x2APIC: IRQ #254 has been enabled on CPU#46.
[        20559 INFO] x2APIC: IRQ #254 has been enabled on CPU#47.
[        20576 INFO] x2APIC: IRQ #253 has been enabled on CPU#46.
[        20593 INFO] x2APIC: IRQ #253 has been enabled on CPU#47.
[        20611 INFO] x2APIC: IRQ #255 has been enabled on CPU#45.
[        20628 INFO] x2APIC: IRQ #255 has been enabled on CPU#44.
[        20645 INFO] x2APIC: IRQ #254 has been enabled on CPU#45.
[        20663 INFO] x2APIC: IRQ #254 has been enabled on CPU#44.
[        20680 INFO] x2APIC: IRQ #253 has been enabled on CPU#45.
[        20697 INFO] x2APIC: IRQ #253 has been enabled on CPU#44.
[        20715 INFO] x2APIC: IRQ #255 has been enabled on CPU#42.
[        20732 INFO] x2APIC: IRQ #255 has been enabled on CPU#38.
[        20749 INFO] x2APIC: IRQ #254 has been enabled on CPU#42.
[        20767 INFO] x2APIC: IRQ #255 has been enabled on CPU#39.
[        20784 INFO] x2APIC: IRQ #253 has been enabled on CPU#42.
[        20801 INFO] x2APIC: IRQ #254 has been enabled on CPU#39.
[        20819 INFO] x2APIC: IRQ #255 has been enabled on CPU#37.
[        20836 INFO] x2APIC: IRQ #255 has been enabled on CPU#43.
[        20853 INFO] x2APIC: IRQ #254 has been enabled on CPU#43.
[        20871 INFO] x2APIC: IRQ #253 has been enabled on CPU#43.
[        20888 INFO] x2APIC: IRQ #253 has been enabled on CPU#39.
[        20905 INFO] x2APIC: IRQ #254 has been enabled on CPU#38.
[        20922 INFO] x2APIC: IRQ #253 has been enabled on CPU#38.
[        20940 INFO] x2APIC: IRQ #255 has been enabled on CPU#40.
[        20957 INFO] x2APIC: IRQ #255 has been enabled on CPU#41.
[        20974 INFO] x2APIC: IRQ #254 has been enabled on CPU#40.
[        20992 INFO] x2APIC: IRQ #254 has been enabled on CPU#41.
[        21009 INFO] x2APIC: IRQ #253 has been enabled on CPU#40.
[        21026 INFO] x2APIC: IRQ #253 has been enabled on CPU#41.
[        21044 INFO] x2APIC: IRQ #254 has been enabled on CPU#37.
[        21061 INFO] x2APIC: IRQ #255 has been enabled on CPU#36.
[        21078 INFO] x2APIC: IRQ #253 has been enabled on CPU#37.
[        21096 INFO] x2APIC: IRQ #254 has been enabled on CPU#36.
[        21113 INFO] x2APIC: IRQ #253 has been enabled on CPU#36.
[        21130 INFO] x2APIC: IRQ #253 has been enabled on CPU#0.
[        21147 INFO] A local timer has been initialized.
[        21162 INFO] Watchdog: will reboot in 60 seconds
[        21162 INFO] Starting [Awkernel] network service.
[        21162 INFO] Network service: TCP garbage collector spawned
[        21162 INFO] Network service: Network interface poller spawned
[        21162 INFO] Network service: Getting all interfaces
[        21162 INFO] net::get_all_interface: start
[        21162 INFO] net::get_all_interface: lock acquired
[        21162 INFO] net::get_all_interface: ids collected = 2
[        21163 INFO] Waking atl-0000:61:00.0 up.
[        21163 DEBUG] /home/nokosan/ws/awkernel/applications/awkernel_services/src/network_service.rs:43: Interface: id=0, name=atl-0000:0
[        21163 INFO] x2APIC: IRQ #66 has been enabled on CPU#2.
[        21163 INFO] Network service: Interface atl-0000:61:00.0 brought up
[        21163 INFO] Network service: Handlers for atl-0000:61:00.0 spawned
[        21163 INFO] Waking igc up.
[        21163 DEBUG] /home/nokosan/ws/awkernel/applications/awkernel_services/src/network_service.rs:43: Interface: id=1, name=igc
[        21173 DEBUG] awkernel_drivers/src/pcie/intel/igc.rs:1349: igc: link up: speed=Speed1000, duplex=Full
[        21173 INFO] igc: link status changed: Up (Full Duplex)
[        21186 DEBUG] awkernel_drivers/src/pcie/intel/igc.rs:1362: igc: link down
[        21186 INFO] igc: link status changed: Down
[        21186 DEBUG] awkernel_drivers/src/pcie/intel/igc.rs:805: igc: dump:
BDF: 0000:62:00.0
PCI Status Command: status = [Capabilities List], command = [Interrupt Disable, Bus Master, Memory Space]
MAC: a0:ad:9f:c8:c3:af
GPIE: 0xc0000011
EIMC: 0x000001
EIMS: 0x000001
IMS: 0x000004
EIAC: 0x000003
EIAM: 0x000003
IVAR0: 0x008080
IVAR1: 0x000000
IVAR_MISC: 0x008100
MSI-X Capability:
    header: 0x8004a011
    table offset: 0x000003
    pending bit array offset: 0x002003
MSI-X Table:
    [0] addr: 0xfee00000, addr_upper: 0x000000, data: 0x000040, vector_control: 0x000000
    [1] addr: 0xfee00000, addr_upper: 0x000000, data: 0x000041, vector_control: 0x000000
    [2] addr: 0x000000, addr_upper: 0x000000, data: 0x000000, vector_control: 0x000001
    [3] addr: 0x000000, addr_upper: 0x000000, data: 0x000000, vector_control: 0x000001
    [4] addr: 0x000000, addr_upper: 0x000000, data: 0x000000, vector_control: 0x000001
MSI-X Pending Bit Array:
    [0] 0x00000000000000
RCTL: 0x4408002
RXDCTL0: 0x2040808
RDH0: 0x000000
RDT0: 0x0003ff
RDLEN0: 0x004000
RDBAH0: 0x000000
RDBAL0: 0xf160000
TCTL: 0xa50400fa
TXDCTL0: 0x201011f
TDH0: 0x000000
TDT0: 0x000000
TDLEN0: 0x004000
TDBAH0: 0x000000
TDBAL0: 0xf165000

[        21186 INFO] Network service: Interface igc brought up
[        21186 INFO] Network service: Handlers for igc spawned
[        22162 INFO] Start [Awkernel] shell.

Welcome to Awkernel!

You can use BLisp language as follows.
https://ytakano.github.io/blisp/

> (factorial 20)
2432902008176640000
> (+ 10 20)
30

Enjoy!

>  

[        23162 DEBUG] /home/nokosan/ws/awkernel/applications/tests/test_dag/src/lib.rs:18: period is 1000000000 [ns]
[        23163 INFO] DAG created successfully
[        23263 DEBUG] /home/nokosan/ws/awkernel/applications/tests/test_dag/src/lib.rs:28: value=1 in reactor_source_node
[        23263 DEBUG] /home/nokosan/ws/awkernel/applications/tests/test_dag/src/lib.rs:43: value=2 in reactor_node1
[        23263 DEBUG] /home/nokosan/ws/awkernel/applications/tests/test_dag/src/lib.rs:74: value=9 in reactor_node3
[        23294 DEBUG] /home/nokosan/ws/awkernel/applications/tests/test_dag/src/lib.rs:59: value=4 in reactor_node2
[        23325 DEBUG] /home/nokosan/ws/awkernel/applications/tests/test_dag/src/lib.rs:89: value=13 in reactor_node4
[        24263 DEBUG] /home/nokosan/ws/awkernel/applications/tests/test_dag/src/lib.rs:28: value=1 in reactor_source_node
[        24263 DEBUG] /home/nokosan/ws/awkernel/applications/tests/test_dag/src/lib.rs:43: value=2 in reactor_node1
[        24263 DEBUG] /home/nokosan/ws/awkernel/applications/tests/test_dag/src/lib.rs:74: value=9 in reactor_node3
[        24294 DEBUG] /home/nokosan/ws/awkernel/applications/tests/test_dag/src/lib.rs:59: value=4 in reactor_node2
[        24325 DEBUG] /home/nokosan/ws/awkernel/applications/tests/test_dag/src/lib.rs:89: value=13 in reactor_node4
[        25263 DEBUG] /home/nokosan/ws/awkernel/applications/tests/test_dag/src/lib.rs:28: value=1 in reactor_source_node
[        25294 DEBUG] /home/nokosan/ws/awkernel/applications/tests/test_dag/src/lib.rs:43: value=2 in reactor_node1
[        25294 DEBUG] /home/nokosan/ws/awkernel/applications/tests/test_dag/src/lib.rs:74: value=9 in reactor_node3
[        25325 DEBUG] /home/nokosan/ws/awkernel/applications/tests/test_dag/src/lib.rs:59: value=4 in reactor_node2
[        25355 DEBUG] /home/nokosan/ws/awkernel/applications/tests/test_dag/src/lib.rs:89: value=13 in reactor_node4
[        26263 DEBUG] /home/nokosan/ws/awkernel/applications/tests/test_dag/src/lib.rs:28: value=1 in reactor_source_node
[        26263 DEBUG] /home/nokosan/ws/awkernel/applications/tests/test_dag/src/lib.rs:43: value=2 in reactor_node1
[        26263 DEBUG] /home/nokosan/ws/awkernel/applications/tests/test_dag/src/lib.rs:59: value=4 in reactor_node2
[        26263 DEBUG] /home/nokosan/ws/awkernel/applications/tests/test_dag/src/lib.rs:74: value=9 in reactor_node3
[        26263 DEBUG] /home/nokosan/ws/awkernel/applications/tests/test_dag/src/lib.rs:89: value=13 in reactor_node4
[        27263 DEBUG] /home/nokosan/ws/awkernel/applications/tests/test_dag/src/lib.rs:28: value=1 in reactor_source_node
[        27294 DEBUG] /home/nokosan/ws/awkernel/applications/tests/test_dag/src/lib.rs:43: value=2 in reactor_node1
[        27294 DEBUG] /home/nokosan/ws/awkernel/applications/tests/test_dag/src/lib.rs:59: value=4 in reactor_node2
[        27325 DEBUG] /home/nokosan/ws/awkernel/applications/tests/test_dag/src/lib.rs:74: value=9 in reactor_node3
[        27325 DEBUG] /home/nokosan/ws/awkernel/applications/tests/test_dag/src/lib.rs:89: value=13 in reactor_node4
[        27584 DEBUG] awkernel_drivers/src/pcie/intel/igc.rs:1349: igc: link up: speed=Speed1000, duplex=Full
[        27584 INFO] igc: link status changed: Up (Full Duplex)
[        28263 DEBUG] /home/nokosan/ws/awkernel/applications/tests/test_dag/src/lib.rs:28: value=1 in reactor_source_node
[        28263 DEBUG] /home/nokosan/ws/awkernel/applications/tests/test_dag/src/lib.rs:43: value=2 in reactor_node1
[        28263 DEBUG] /home/nokosan/ws/awkernel/applications/tests/test_dag/src/lib.rs:59: value=4 in reactor_node2
[        28263 DEBUG] /home/nokosan/ws/awkernel/applications/tests/test_dag/src/lib.rs:74: value=9 in reactor_node3
[        28263 DEBUG] /home/nokosan/ws/awkernel/applications/tests/test_dag/src/lib.rs:89: value=13 in reactor_node4
[        29263 DEBUG] /home/nokosan/ws/awkernel/applications/tests/test_dag/src/lib.rs:28: value=1 in reactor_source_node
[        29263 DEBUG] /home/nokosan/ws/awkernel/applications/tests/test_dag/src/lib.rs:43: value=2 in reactor_node1
[        29263 DEBUG] /home/nokosan/ws/awkernel/applications/tests/test_dag/src/lib.rs:59: value=4 in reactor_node2
[        29263 DEBUG] /home/nokosan/ws/awkernel/applications/tests/test_dag/src/lib.rs:74: value=9 in reactor_node3
[        29263 DEBUG] /home/nokosan/ws/awkernel/applications/tests/test_dag/src/lib.rs:89: value=13 in reactor_node4
[        30263 DEBUG] /home/nokosan/ws/awkernel/applications/tests/test_dag/src/lib.rs:28: value=1 in reactor_source_node
[        30294 DEBUG] /home/nokosan/ws/awkernel/applications/tests/test_dag/src/lib.rs:43: value=2 in reactor_node1
[        30294 DEBUG] /home/nokosan/ws/awkernel/applications/tests/test_dag/src/lib.rs:74: value=9 in reactor_node3
[        30325 DEBUG] /home/nokosan/ws/awkernel/applications/tests/test_dag/src/lib.rs:59: value=4 in reactor_node2
[        30355 DEBUG] /home/nokosan/ws/awkernel/applications/tests/test_dag/src/lib.rs:89: value=13 in reactor_node4
[        31263 DEBUG] /home/nokosan/ws/awkernel/applications/tests/test_dag/src/lib.rs:28: value=1 in reactor_source_node
[        31263 DEBUG] /home/nokosan/ws/awkernel/applications/tests/test_dag/src/lib.rs:43: value=2 in reactor_node1
[        31263 DEBUG] /home/nokosan/ws/awkernel/applications/tests/test_dag/src/lib.rs:59: value=4 in reactor_node2
[        31263 DEBUG] /home/nokosan/ws/awkernel/applications/tests/test_dag/src/lib.rs:74: value=9 in reactor_node3
[        31263 DEBUG] /home/nokosan/ws/awkernel/applications/tests/test_dag/src/lib.rs:89: value=13 in reactor_node4
[        32263 DEBUG] /home/nokosan/ws/awkernel/applications/tests/test_dag/src/lib.rs:28: value=1 in reactor_source_node                
[        32294 DEBUG] /home/nokosan/ws/awkernel/applications/tests/test_dag/src/lib.rs:43: value=2 in reactor_node1
[        32294 DEBUG] /home/nokosan/ws/awkernel/applications/tests/test_dag/src/lib.rs:59: value=4 in reactor_node2
[        32355 DEBUG] /home/nokosan/ws/awkernel/applications/tests/test_dag/src/lib.rs:74: value=9 in reactor_node3
[        32385 DEBUG] /home/nokosan/ws/awkernel/applications/tests/test_dag/src/lib.rs:89: value=13 in reactor_node4
[        33263 DEBUG] /home/nokosan/ws/awkernel/applications/tests/test_dag/src/lib.rs:28: value=1 in reactor_source_node
[        33294 DEBUG] /home/nokosan/ws/awkernel/applications/tests/test_dag/src/lib.rs:43: value=2 in reactor_node1
[        33294 DEBUG] /home/nokosan/ws/awkernel/applications/tests/test_dag/src/lib.rs:59: value=4 in reactor_node2
[        33325 DEBUG] /home/nokosan/ws/awkernel/applications/tests/test_dag/src/lib.rs:74: value=9 in reactor_node3
[        33355 DEBUG] /home/nokosan/ws/awkernel/applications/tests/test_dag/src/lib.rs:89: value=13 in reactor_node4
[        34263 DEBUG] /home/nokosan/ws/awkernel/applications/tests/test_dag/src/lib.rs:28: value=1 in reactor_source_node
[        34263 DEBUG] /home/nokosan/ws/awkernel/applications/tests/test_dag/src/lib.rs:43: value=2 in reactor_node1
[        34263 DEBUG] /home/nokosan/ws/awkernel/applications/tests/test_dag/src/lib.rs:59: value=4 in reactor_node2
[        34263 DEBUG] /home/nokosan/ws/awkernel/applications/tests/test_dag/src/lib.rs:74: value=9 in reactor_node3
[        34263 DEBUG] /home/nokosan/ws/awkernel/applications/tests/test_dag/src/lib.rs:89: value=13 in reactor_node4
[        35263 DEBUG] /home/nokosan/ws/awkernel/applications/tests/test_dag/src/lib.rs:28: value=1 in reactor_source_node
[        35294 DEBUG] /home/nokosan/ws/awkernel/applications/tests/test_dag/src/lib.rs:43: value=2 in reactor_node1
[        35294 DEBUG] /home/nokosan/ws/awkernel/applications/tests/test_dag/src/lib.rs:74: value=9 in reactor_node3
[        35325 DEBUG] /home/nokosan/ws/awkernel/applications/tests/test_dag/src/lib.rs:59: value=4 in reactor_node2
[        35355 DEBUG] /home/nokosan/ws/awkernel/applications/tests/test_dag/src/lib.rs:89: value=13 in reactor_node4
[        36263 DEBUG] /home/nokosan/ws/awkernel/applications/tests/test_dag/src/lib.rs:28: value=1 in reactor_source_node
[        36263 DEBUG] /home/nokosan/ws/awkernel/applications/tests/test_dag/src/lib.rs:43: value=2 in reactor_node1
[        36263 DEBUG] /home/nokosan/ws/awkernel/applications/tests/test_dag/src/lib.rs:59: value=4 in reactor_node2
[        36263 DEBUG] /home/nokosan/ws/awkernel/applications/tests/test_dag/src/lib.rs:74: value=9 in reactor_node3
[        36263 DEBUG] /home/nokosan/ws/awkernel/applications/tests/test_dag/src/lib.rs:89: value=13 in reactor_node4
[        37263 DEBUG] /home/nokosan/ws/awkernel/applications/tests/test_dag/src/lib.rs:28: value=1 in reactor_source_node
[        37294 DEBUG] /home/nokosan/ws/awkernel/applications/tests/test_dag/src/lib.rs:43: value=2 in reactor_node1
[        37294 DEBUG] /home/nokosan/ws/awkernel/applications/tests/test_dag/src/lib.rs:74: value=9 in reactor_node3
[        37325 DEBUG] /home/nokosan/ws/awkernel/applications/tests/test_dag/src/lib.rs:59: value=4 in reactor_node2
[        37355 DEBUG] /home/nokosan/ws/awkernel/applications/tests/test_dag/src/lib.rs:89: value=13 in reactor_node4
[        38263 DEBUG] /home/nokosan/ws/awkernel/applications/tests/test_dag/src/lib.rs:28: value=1 in reactor_source_node
[        38294 DEBUG] /home/nokosan/ws/awkernel/applications/tests/test_dag/src/lib.rs:43: value=2 in reactor_node1
[        38294 DEBUG] /home/nokosan/ws/awkernel/applications/tests/test_dag/src/lib.rs:74: value=9 in reactor_node3
[        38324 DEBUG] /home/nokosan/ws/awkernel/applications/tests/test_dag/src/lib.rs:59: value=4 in reactor_node2
[        38355 DEBUG] /home/nokosan/ws/awkernel/applications/tests/test_dag/src/lib.rs:89: value=13 in reactor_node4
[        39263 DEBUG] /home/nokosan/ws/awkernel/applications/tests/test_dag/src/lib.rs:28: value=1 in reactor_source_node
[        39263 DEBUG] /home/nokosan/ws/awkernel/applications/tests/test_dag/src/lib.rs:43: value=2 in reactor_node1
[        39263 DEBUG] /home/nokosan/ws/awkernel/applications/tests/test_dag/src/lib.rs:59: value=4 in reactor_node2
[        39263 DEBUG] /home/nokosan/ws/awkernel/applications/tests/test_dag/src/lib.rs:74: value=9 in reactor_node3
[        39263 DEBUG] /home/nokosan/ws/awkernel/applications/tests/test_dag/src/lib.rs:89: value=13 in reactor_node4
[        40263 DEBUG] /home/nokosan/ws/awkernel/applications/tests/test_dag/src/lib.rs:28: value=1 in reactor_source_node
[        40294 DEBUG] /home/nokosan/ws/awkernel/applications/tests/test_dag/src/lib.rs:43: value=2 in reactor_node1
[        40294 DEBUG] /home/nokosan/ws/awkernel/applications/tests/test_dag/src/lib.rs:74: value=9 in reactor_node3
[        40325 DEBUG] /home/nokosan/ws/awkernel/applications/tests/test_dag/src/lib.rs:59: value=4 in reactor_node2
[        40355 DEBUG] /home/nokosan/ws/awkernel/applications/tests/test_dag/src/lib.rs:89: value=13 in reactor_node4
[        41263 DEBUG] /home/nokosan/ws/awkernel/applications/tests/test_dag/src/lib.rs:28: value=1 in reactor_source_node
[        41294 DEBUG] /home/nokosan/ws/awkernel/applications/tests/test_dag/src/lib.rs:43: value=2 in reactor_node1
[        41294 DEBUG] /home/nokosan/ws/awkernel/applications/tests/test_dag/src/lib.rs:74: value=9 in reactor_node3
[        41325 DEBUG] /home/nokosan/ws/awkernel/applications/tests/test_dag/src/lib.rs:59: value=4 in reactor_node2
[        41355 DEBUG] /home/nokosan/ws/awkernel/applications/tests/test_dag/src/lib.rs:89: value=13 in reactor_node4
[        42263 DEBUG] /home/nokosan/ws/awkernel/applications/tests/test_dag/src/lib.rs:28: value=1 in reactor_source_node
[        42263 DEBUG] /home/nokosan/ws/awkernel/applications/tests/test_dag/src/lib.rs:43: value=2 in reactor_node1
[        42263 DEBUG] /home/nokosan/ws/awkernel/applications/tests/test_dag/src/lib.rs:59: value=4 in reactor_node2
[        42263 DEBUG] /home/nokosan/ws/awkernel/applications/tests/test_dag/src/lib.rs:74: value=9 in reactor_node3
[        42263 DEBUG] /home/nokosan/ws/awkernel/applications/tests/test_dag/src/lib.rs:89: value=13 in reactor_node4
[        43263 DEBUG] /home/nokosan/ws/awkernel/applications/tests/test_dag/src/lib.rs:28: value=1 in reactor_source_node
[        43294 DEBUG] /home/nokosan/ws/awkernel/applications/tests/test_dag/src/lib.rs:43: value=2 in reactor_node1
[        43294 DEBUG] /home/nokosan/ws/awkernel/applications/tests/test_dag/src/lib.rs:74: value=9 in reactor_node3
[        43325 DEBUG] /home/nokosan/ws/awkernel/applications/tests/test_dag/src/lib.rs:59: value=4 in reactor_node2
[        43355 DEBUG] /home/nokosan/ws/awkernel/applications/tests/test_dag/src/lib.rs:89: value=13 in reactor_node4
[        44263 DEBUG] /home/nokosan/ws/awkernel/applications/tests/test_dag/src/lib.rs:28: value=1 in reactor_source_node
[        44294 DEBUG] /home/nokosan/ws/awkernel/applications/tests/test_dag/src/lib.rs:43: value=2 in reactor_node1
[        44294 DEBUG] /home/nokosan/ws/awkernel/applications/tests/test_dag/src/lib.rs:74: value=9 in reactor_node3
[        44325 DEBUG] /home/nokosan/ws/awkernel/applications/tests/test_dag/src/lib.rs:59: value=4 in reactor_node2
[        44355 DEBUG] /home/nokosan/ws/awkernel/applications/tests/test_dag/src/lib.rs:89: value=13 in reactor_node4
[        45263 DEBUG] /home/nokosan/ws/awkernel/applications/tests/test_dag/src/lib.rs:28: value=1 in reactor_source_node
[        45294 DEBUG] /home/nokosan/ws/awkernel/applications/tests/test_dag/src/lib.rs:43: value=2 in reactor_node1
[        45294 DEBUG] /home/nokosan/ws/awkernel/applications/tests/test_dag/src/lib.rs:59: value=4 in reactor_node2
[        45355 DEBUG] /home/nokosan/ws/awkernel/applications/tests/test_dag/src/lib.rs:74: value=9 in reactor_node3
[        45385 DEBUG] /home/nokosan/ws/awkernel/applications/tests/test_dag/src/lib.rs:89: value=13 in reactor_node4
[        46263 DEBUG] /home/nokosan/ws/awkernel/applications/tests/test_dag/src/lib.rs:28: value=1 in reactor_source_node
[        46294 DEBUG] /home/nokosan/ws/awkernel/applications/tests/test_dag/src/lib.rs:43: value=2 in reactor_node1
[        46294 DEBUG] /home/nokosan/ws/awkernel/applications/tests/test_dag/src/lib.rs:74: value=9 in reactor_node3
[        46325 DEBUG] /home/nokosan/ws/awkernel/applications/tests/test_dag/src/lib.rs:59: value=4 in reactor_node2
[        46355 DEBUG] /home/nokosan/ws/awkernel/applications/tests/test_dag/src/lib.rs:89: value=13 in reactor_node4
[        47263 DEBUG] /home/nokosan/ws/awkernel/applications/tests/test_dag/src/lib.rs:28: value=1 in reactor_source_node
[        47294 DEBUG] /home/nokosan/ws/awkernel/applications/tests/test_dag/src/lib.rs:43: value=2 in reactor_node1
[        47294 DEBUG] /home/nokosan/ws/awkernel/applications/tests/test_dag/src/lib.rs:74: value=9 in reactor_node3
[        47325 DEBUG] /home/nokosan/ws/awkernel/applications/tests/test_dag/src/lib.rs:59: value=4 in reactor_node2
[        47355 DEBUG] /home/nokosan/ws/awkernel/applications/tests/test_dag/src/lib.rs:89: value=13 in reactor_node4
[        48263 DEBUG] /home/nokosan/ws/awkernel/applications/tests/test_dag/src/lib.rs:28: value=1 in reactor_source_node
[        48263 DEBUG] /home/nokosan/ws/awkernel/applications/tests/test_dag/src/lib.rs:43: value=2 in reactor_node1
[        48263 DEBUG] /home/nokosan/ws/awkernel/applications/tests/test_dag/src/lib.rs:59: value=4 in reactor_node2
[        48263 DEBUG] /home/nokosan/ws/awkernel/applications/tests/test_dag/src/lib.rs:74: value=9 in reactor_node3
[        48263 DEBUG] /home/nokosan/ws/awkernel/applications/tests/test_dag/src/lib.rs:89: value=13 in reactor_node4
[        49263 DEBUG] /home/nokosan/ws/awkernel/applications/tests/test_dag/src/lib.rs:28: value=1 in reactor_source_node
[        49294 DEBUG] /home/nokosan/ws/awkernel/applications/tests/test_dag/src/lib.rs:43: value=2 in reactor_node1
[        49294 DEBUG] /home/nokosan/ws/awkernel/applications/tests/test_dag/src/lib.rs:74: value=9 in reactor_node3
[        49325 DEBUG] /home/nokosan/ws/awkernel/applications/tests/test_dag/src/lib.rs:59: value=4 in reactor_node2
[        49355 DEBUG] /home/nokosan/ws/awkernel/applications/tests/test_dag/src/lib.rs:89: value=13 in reactor_node4
[        50263 DEBUG] /home/nokosan/ws/awkernel/applications/tests/test_dag/src/lib.rs:28: value=1 in reactor_source_node
[        50263 DEBUG] /home/nokosan/ws/awkernel/applications/tests/test_dag/src/lib.rs:43: value=2 in reactor_node1
[        50263 DEBUG] /home/nokosan/ws/awkernel/applications/tests/test_dag/src/lib.rs:59: value=4 in reactor_node2
[        50263 DEBUG] /home/nokosan/ws/awkernel/applications/tests/test_dag/src/lib.rs:74: value=9 in reactor_node3
[        50263 DEBUG] /home/nokosan/ws/awkernel/applications/tests/test_dag/src/lib.rs:89: value=13 in reactor_node4
[        51263 DEBUG] /home/nokosan/ws/awkernel/applications/tests/test_dag/src/lib.rs:28: value=1 in reactor_source_node
[        51294 DEBUG] /home/nokosan/ws/awkernel/applications/tests/test_dag/src/lib.rs:43: value=2 in reactor_node1
[        51294 DEBUG] /home/nokosan/ws/awkernel/applications/tests/test_dag/src/lib.rs:74: value=9 in reactor_node3
[        51325 DEBUG] /home/nokosan/ws/awkernel/applications/tests/test_dag/src/lib.rs:59: value=4 in reactor_node2
[        51355 DEBUG] /home/nokosan/ws/awkernel/applications/tests/test_dag/src/lib.rs:89: value=13 in reactor_node4
[        52263 DEBUG] /home/nokosan/ws/awkernel/applications/tests/test_dag/src/lib.rs:28: value=1 in reactor_source_node
[        52263 DEBUG] /home/nokosan/ws/awkernel/applications/tests/test_dag/src/lib.rs:43: value=2 in reactor_node1
[        52263 DEBUG] /home/nokosan/ws/awkernel/applications/tests/test_dag/src/lib.rs:59: value=4 in reactor_node2
[        52263 DEBUG] /home/nokosan/ws/awkernel/applications/tests/test_dag/src/lib.rs:74: value=9 in reactor_node3
[        52263 DEBUG] /home/nokosan/ws/awkernel/applications/tests/test_dag/src/lib.rs:89: value=13 in reactor_node4
[        53263 DEBUG] /home/nokosan/ws/awkernel/applications/tests/test_dag/src/lib.rs:28: value=1 in reactor_source_node
[        53294 DEBUG] /home/nokosan/ws/awkernel/applications/tests/test_dag/src/lib.rs:43: value=2 in reactor_node1
[        53294 DEBUG] /home/nokosan/ws/awkernel/applications/tests/test_dag/src/lib.rs:74: value=9 in reactor_node3
[        53325 DEBUG] /home/nokosan/ws/awkernel/applications/tests/test_dag/src/lib.rs:59: value=4 in reactor_node2
[        53355 DEBUG] /home/nokosan/ws/awkernel/applications/tests/test_dag/src/lib.rs:89: value=13 in reactor_node4
[        54263 DEBUG] /home/nokosan/ws/awkernel/applications/tests/test_dag/src/lib.rs:28: value=1 in reactor_source_node
[        54294 DEBUG] /home/nokosan/ws/awkernel/applications/tests/test_dag/src/lib.rs:43: value=2 in reactor_node1
[        54294 DEBUG] /home/nokosan/ws/awkernel/applications/tests/test_dag/src/lib.rs:74: value=9 in reactor_node3
[        54325 DEBUG] /home/nokosan/ws/awkernel/applications/tests/test_dag/src/lib.rs:59: value=4 in reactor_node2
[        54355 DEBUG] /home/nokosan/ws/awkernel/applications/tests/test_dag/src/lib.rs:89: value=13 in reactor_node4
[        55263 DEBUG] /home/nokosan/ws/awkernel/applications/tests/test_dag/src/lib.rs:28: value=1 in reactor_source_node
[        55294 DEBUG] /home/nokosan/ws/awkernel/applications/tests/test_dag/src/lib.rs:43: value=2 in reactor_node1
[        55294 DEBUG] /home/nokosan/ws/awkernel/applications/tests/test_dag/src/lib.rs:59: value=4 in reactor_node2
[        55355 DEBUG] /home/nokosan/ws/awkernel/applications/tests/test_dag/src/lib.rs:74: value=9 in reactor_node3
[        55355 DEBUG] /home/nokosan/ws/awkernel/applications/tests/test_dag/src/lib.rs:89: value=13 in reactor_node4
[        56263 DEBUG] /home/nokosan/ws/awkernel/applications/tests/test_dag/src/lib.rs:28: value=1 in reactor_source_node
[        56294 DEBUG] /home/nokosan/ws/awkernel/applications/tests/test_dag/src/lib.rs:43: value=2 in reactor_node1
[        56294 DEBUG] /home/nokosan/ws/awkernel/applications/tests/test_dag/src/lib.rs:74: value=9 in reactor_node3
[        56325 DEBUG] /home/nokosan/ws/awkernel/applications/tests/test_dag/src/lib.rs:59: value=4 in reactor_node2
[        56355 DEBUG] /home/nokosan/ws/awkernel/applications/tests/test_dag/src/lib.rs:89: value=13 in reactor_node4
[        57263 DEBUG] /home/nokosan/ws/awkernel/applications/tests/test_dag/src/lib.rs:28: value=1 in reactor_source_node
[        57294 DEBUG] /home/nokosan/ws/awkernel/applications/tests/test_dag/src/lib.rs:43: value=2 in reactor_node1
[        57294 DEBUG] /home/nokosan/ws/awkernel/applications/tests/test_dag/src/lib.rs:74: value=9 in reactor_node3
[        57325 DEBUG] /home/nokosan/ws/awkernel/applications/tests/test_dag/src/lib.rs:59: value=4 in reactor_node2
[        57355 DEBUG] /home/nokosan/ws/awkernel/applications/tests/test_dag/src/lib.rs:89: value=13 in reactor_node4
[        58263 DEBUG] /home/nokosan/ws/awkernel/applications/tests/test_dag/src/lib.rs:28: value=1 in reactor_source_node
[        58294 DEBUG] /home/nokosan/ws/awkernel/applications/tests/test_dag/src/lib.rs:43: value=2 in reactor_node1
[        58294 DEBUG] /home/nokosan/ws/awkernel/applications/tests/test_dag/src/lib.rs:74: value=9 in reactor_node3
[        58325 DEBUG] /home/nokosan/ws/awkernel/applications/tests/test_dag/src/lib.rs:59: value=4 in reactor_node2
[        58355 DEBUG] /home/nokosan/ws/awkernel/applications/tests/test_dag/src/lib.rs:89: value=13 in reactor_node4
[        59263 DEBUG] /home/nokosan/ws/awkernel/applications/tests/test_dag/src/lib.rs:28: value=1 in reactor_source_node
[        59294 DEBUG] /home/nokosan/ws/awkernel/applications/tests/test_dag/src/lib.rs:43: value=2 in reactor_node1
[        59294 DEBUG] /home/nokosan/ws/awkernel/applications/tests/test_dag/src/lib.rs:74: value=9 in reactor_node3
[        59325 DEBUG] /home/nokosan/ws/awkernel/applications/tests/test_dag/src/lib.rs:59: value=4 in reactor_node2
[        59355 DEBUG] /home/nokosan/ws/awkernel/applications/tests/test_dag/src/lib.rs:89: value=13 in reactor_node4
[        60263 DEBUG] /home/nokosan/ws/awkernel/applications/tests/test_dag/src/lib.rs:28: value=1 in reactor_source_node
[        60263 DEBUG] /home/nokosan/ws/awkernel/applications/tests/test_dag/src/lib.rs:43: value=2 in reactor_node1
[        60263 DEBUG] /home/nokosan/ws/awkernel/applications/tests/test_dag/src/lib.rs:59: value=4 in reactor_node2
[        60263 DEBUG] /home/nokosan/ws/awkernel/applications/tests/test_dag/src/lib.rs:74: value=9 in reactor_node3
[        60263 DEBUG] /home/nokosan/ws/awkernel/applications/tests/test_dag/src/lib.rs:89: value=13 in reactor_node4
[        61263 DEBUG] /home/nokosan/ws/awkernel/applications/tests/test_dag/src/lib.rs:28: value=1 in reactor_source_node
[        61294 DEBUG] /home/nokosan/ws/awkernel/applications/tests/test_dag/src/lib.rs:43: value=2 in reactor_node1
[        61294 DEBUG] /home/nokosan/ws/awkernel/applications/tests/test_dag/src/lib.rs:74: value=9 in reactor_node3
[        61325 DEBUG] /home/nokosan/ws/awkernel/applications/tests/test_dag/src/lib.rs:59: value=4 in reactor_node2
[        61355 DEBUG] /home/nokosan/ws/awkernel/applications/tests/test_dag/src/lib.rs:89: value=13 in reactor_node4
[        62263 DEBUG] /home/nokosan/ws/awkernel/applications/tests/test_dag/src/lib.rs:28: value=1 in reactor_source_node
[        62294 DEBUG] /home/nokosan/ws/awkernel/applications/tests/test_dag/src/lib.rs:43: value=2 in reactor_node1
[        62294 DEBUG] /home/nokosan/ws/awkernel/applications/tests/test_dag/src/lib.rs:59: value=4 in reactor_node2
[        62355 DEBUG] /home/nokosan/ws/awkernel/applications/tests/test_dag/src/lib.rs:74: value=9 in reactor_node3
[        62385 DEBUG] /home/nokosan/ws/awkernel/applications/tests/test_dag/src/lib.rs:89: value=13 in reactor_node4
[        63263 DEBUG] /home/nokosan/ws/awkernel/applications/tests/test_dag/src/lib.rs:28: value=1 in reactor_source_node
[        63294 DEBUG] /home/nokosan/ws/awkernel/applications/tests/test_dag/src/lib.rs:43: value=2 in reactor_node1
[        63294 DEBUG] /home/nokosan/ws/awkernel/applications/tests/test_dag/src/lib.rs:74: value=9 in reactor_node3
[        63355 DEBUG] /home/nokosan/ws/awkernel/applications/tests/test_dag/src/lib.rs:59: value=4 in reactor_node2
[        63385 DEBUG] /home/nokosan/ws/awkernel/applications/tests/test_dag/src/lib.rs:89: value=13 in reactor_node4
[        64263 DEBUG] /home/nokosan/ws/awkernel/applications/tests/test_dag/src/lib.rs:28: value=1 in reactor_source_node
[        64294 DEBUG] /home/nokosan/ws/awkernel/applications/tests/test_dag/src/lib.rs:43: value=2 in reactor_node1
[        64294 DEBUG] /home/nokosan/ws/awkernel/applications/tests/test_dag/src/lib.rs:74: value=9 in reactor_node3
[        64325 DEBUG] /home/nokosan/ws/awkernel/applications/tests/test_dag/src/lib.rs:59: value=4 in reactor_node2
[        64355 DEBUG] /home/nokosan/ws/awkernel/applications/tests/test_dag/src/lib.rs:89: value=13 in reactor_node4
[        65263 DEBUG] /home/nokosan/ws/awkernel/applications/tests/test_dag/src/lib.rs:28: value=1 in reactor_source_node
[        65263 DEBUG] /home/nokosan/ws/awkernel/applications/tests/test_dag/src/lib.rs:43: value=2 in reactor_node1
[        65263 DEBUG] /home/nokosan/ws/awkernel/applications/tests/test_dag/src/lib.rs:59: value=4 in reactor_node2
[        65263 DEBUG] /home/nokosan/ws/awkernel/applications/tests/test_dag/src/lib.rs:74: value=9 in reactor_node3
[        65263 DEBUG] /home/nokosan/ws/awkernel/applications/tests/test_dag/src/lib.rs:89: value=13 in reactor_node4
[        66263 DEBUG] /home/nokosan/ws/awkernel/applications/tests/test_dag/src/lib.rs:28: value=1 in reactor_source_node
[        66263 DEBUG] /home/nokosan/ws/awkernel/applications/tests/test_dag/src/lib.rs:43: value=2 in reactor_node1
[        66263 DEBUG] /home/nokosan/ws/awkernel/applications/tests/test_dag/src/lib.rs:74: value=9 in reactor_node3
[        66294 DEBUG] /home/nokosan/ws/awkernel/applications/tests/test_dag/src/lib.rs:59: value=4 in reactor_node2
[        66325 DEBUG] /home/nokosan/ws/awkernel/applications/tests/test_dag/src/lib.rs:89: value=13 in reactor_node4
[        67263 DEBUG] /home/nokosan/ws/awkernel/applications/tests/test_dag/src/lib.rs:28: value=1 in reactor_source_node
[        67294 DEBUG] /home/nokosan/ws/awkernel/applications/tests/test_dag/src/lib.rs:43: value=2 in reactor_node1
[        67294 DEBUG] /home/nokosan/ws/awkernel/applications/tests/test_dag/src/lib.rs:74: value=9 in reactor_node3
[        67355 DEBUG] /home/nokosan/ws/awkernel/applications/tests/test_dag/src/lib.rs:59: value=4 in reactor_node2
[        67385 DEBUG] /home/nokosan/ws/awkernel/applications/tests/test_dag/src/lib.rs:89: value=13 in reactor_node4
[        68263 DEBUG] /home/nokosan/ws/awkernel/applications/tests/test_dag/src/lib.rs:28: value=1 in reactor_source_node
[        68294 DEBUG] /home/nokosan/ws/awkernel/applications/tests/test_dag/src/lib.rs:43: value=2 in reactor_node1
[        68294 DEBUG] /home/nokosan/ws/awkernel/applications/tests/test_dag/src/lib.rs:74: value=9 in reactor_node3
[        68355 DEBUG] /home/nokosan/ws/awkernel/applications/tests/test_dag/src/lib.rs:59: value=4 in reactor_node2
[        68385 DEBUG] /home/nokosan/ws/awkernel/applications/tests/test_dag/src/lib.rs:89: value=13 in reactor_node4
[        69263 DEBUG] /home/nokosan/ws/awkernel/applications/tests/test_dag/src/lib.rs:28: value=1 in reactor_source_node
[        69294 DEBUG] /home/nokosan/ws/awkernel/applications/tests/test_dag/src/lib.rs:43: value=2 in reactor_node1
[        69294 DEBUG] /home/nokosan/ws/awkernel/applications/tests/test_dag/src/lib.rs:74: value=9 in reactor_node3
[        69325 DEBUG] /home/nokosan/ws/awkernel/applications/tests/test_dag/src/lib.rs:59: value=4 in reactor_node2
[        69355 DEBUG] /home/nokosan/ws/awkernel/applications/tests/test_dag/src/lib.rs:89: value=13 in reactor_node4
[        70263 DEBUG] /home/nokosan/ws/awkernel/applications/tests/test_dag/src/lib.rs:28: value=1 in reactor_source_node
[        70294 DEBUG] /home/nokosan/ws/awkernel/applications/tests/test_dag/src/lib.rs:43: value=2 in reactor_node1
[        70294 DEBUG] /home/nokosan/ws/awkernel/applications/tests/test_dag/src/lib.rs:74: value=9 in reactor_node3
[        70325 DEBUG] /home/nokosan/ws/awkernel/applications/tests/test_dag/src/lib.rs:59: value=4 in reactor_node2
[        70355 DEBUG] /home/nokosan/ws/awkernel/applications/tests/test_dag/src/lib.rs:89: value=13 in reactor_node4
[        71263 DEBUG] /home/nokosan/ws/awkernel/applications/tests/test_dag/src/lib.rs:28: value=1 in reactor_source_node
[        71294 DEBUG] /home/nokosan/ws/awkernel/applications/tests/test_dag/src/lib.rs:43: value=2 in reactor_node1
[        71294 DEBUG] /home/nokosan/ws/awkernel/applications/tests/test_dag/src/lib.rs:74: value=9 in reactor_node3
[        71325 DEBUG] /home/nokosan/ws/awkernel/applications/tests/test_dag/src/lib.rs:59: value=4 in reactor_node2
[        71355 DEBUG] /home/nokosan/ws/awkernel/applications/tests/test_dag/src/lib.rs:89: value=13 in reactor_node4
[        72263 DEBUG] /home/nokosan/ws/awkernel/applications/tests/test_dag/src/lib.rs:28: value=1 in reactor_source_node
[        72294 DEBUG] /home/nokosan/ws/awkernel/applications/tests/test_dag/src/lib.rs:43: value=2 in reactor_node1
[        72294 DEBUG] /home/nokosan/ws/awkernel/applications/tests/test_dag/src/lib.rs:74: value=9 in reactor_node3
[        72325 DEBUG] /home/nokosan/ws/awkernel/applications/tests/test_dag/src/lib.rs:59: value=4 in reactor_node2
[        72355 DEBUG] /home/nokosan/ws/awkernel/applications/tests/test_dag/src/lib.rs:89: value=13 in reactor_node4
[        73263 DEBUG] /home/nokosan/ws/awkernel/applications/tests/test_dag/src/lib.rs:28: value=1 in reactor_source_node
[        73294 DEBUG] /home/nokosan/ws/awkernel/applications/tests/test_dag/src/lib.rs:43: value=2 in reactor_node1
[        73294 DEBUG] /home/nokosan/ws/awkernel/applications/tests/test_dag/src/lib.rs:74: value=9 in reactor_node3
[        73325 DEBUG] /home/nokosan/ws/awkernel/applications/tests/test_dag/src/lib.rs:59: value=4 in reactor_node2
[        73355 DEBUG] /home/nokosan/ws/awkernel/applications/tests/test_dag/src/lib.rs:89: value=13 in reactor_node4
[        74263 DEBUG] /home/nokosan/ws/awkernel/applications/tests/test_dag/src/lib.rs:28: value=1 in reactor_source_node
[        74294 DEBUG] /home/nokosan/ws/awkernel/applications/tests/test_dag/src/lib.rs:43: value=2 in reactor_node1
[        74294 DEBUG] /home/nokosan/ws/awkernel/applications/tests/test_dag/src/lib.rs:74: value=9 in reactor_node3
[        74325 DEBUG] /home/nokosan/ws/awkernel/applications/tests/test_dag/src/lib.rs:59: value=4 in reactor_node2
[        74355 DEBUG] /home/nokosan/ws/awkernel/applications/tests/test_dag/src/lib.rs:89: value=13 in reactor_node4
[        75263 DEBUG] /home/nokosan/ws/awkernel/applications/tests/test_dag/src/lib.rs:28: value=1 in reactor_source_node
[        75294 DEBUG] /home/nokosan/ws/awkernel/applications/tests/test_dag/src/lib.rs:43: value=2 in reactor_node1
[        75294 DEBUG] /home/nokosan/ws/awkernel/applications/tests/test_dag/src/lib.rs:74: value=9 in reactor_node3
[        75325 DEBUG] /home/nokosan/ws/awkernel/applications/tests/test_dag/src/lib.rs:59: value=4 in reactor_node2
[        75355 DEBUG] /home/nokosan/ws/awkernel/applications/tests/test_dag/src/lib.rs:89: value=13 in reactor_node4
[        76263 DEBUG] /home/nokosan/ws/awkernel/applications/tests/test_dag/src/lib.rs:28: value=1 in reactor_source_node
[        76263 DEBUG] /home/nokosan/ws/awkernel/applications/tests/test_dag/src/lib.rs:43: value=2 in reactor_node1
[        76263 DEBUG] /home/nokosan/ws/awkernel/applications/tests/test_dag/src/lib.rs:59: value=4 in reactor_node2
[        76263 DEBUG] /home/nokosan/ws/awkernel/applications/tests/test_dag/src/lib.rs:74: value=9 in reactor_node3
[        76263 DEBUG] /home/nokosan/ws/awkernel/applications/tests/test_dag/src/lib.rs:89: value=13 in reactor_node4
[        77263 DEBUG] /home/nokosan/ws/awkernel/applications/tests/test_dag/src/lib.rs:28: value=1 in reactor_source_node
[        77294 DEBUG] /home/nokosan/ws/awkernel/applications/tests/test_dag/src/lib.rs:43: value=2 in reactor_node1
[        77294 DEBUG] /home/nokosan/ws/awkernel/applications/tests/test_dag/src/lib.rs:74: value=9 in reactor_node3
[        77325 DEBUG] /home/nokosan/ws/awkernel/applications/tests/test_dag/src/lib.rs:59: value=4 in reactor_node2
[        77355 DEBUG] /home/nokosan/ws/awkernel/applications/tests/test_dag/src/lib.rs:89: value=13 in reactor_node4
[        78263 DEBUG] /home/nokosan/ws/awkernel/applications/tests/test_dag/src/lib.rs:28: value=1 in reactor_source_node
[        78294 DEBUG] /home/nokosan/ws/awkernel/applications/tests/test_dag/src/lib.rs:43: value=2 in reactor_node1
[        78294 DEBUG] /home/nokosan/ws/awkernel/applications/tests/test_dag/src/lib.rs:74: value=9 in reactor_node3
[        78325 DEBUG] /home/nokosan/ws/awkernel/applications/tests/test_dag/src/lib.rs:59: value=4 in reactor_node2
[        78355 DEBUG] /home/nokosan/ws/awkernel/applications/tests/test_dag/src/lib.rs:89: value=13 in reactor_node4
[        79263 DEBUG] /home/nokosan/ws/awkernel/applications/tests/test_dag/src/lib.rs:28: value=1 in reactor_source_node
[        79294 DEBUG] /home/nokosan/ws/awkernel/applications/tests/test_dag/src/lib.rs:43: value=2 in reactor_node1
[        79294 DEBUG] /home/nokosan/ws/awkernel/applications/tests/test_dag/src/lib.rs:74: value=9 in reactor_node3
[        79325 DEBUG] /home/nokosan/ws/awkernel/applications/tests/test_dag/src/lib.rs:59: value=4 in reactor_node2
[        79355 DEBUG] /home/nokosan/ws/awkernel/applications/tests/test_dag/src/lib.rs:89: value=13 in reactor_node4
[        80263 DEBUG] /home/nokosan/ws/awkernel/applications/tests/test_dag/src/lib.rs:28: value=1 in reactor_source_node
[        80294 DEBUG] /home/nokosan/ws/awkernel/applications/tests/test_dag/src/lib.rs:43: value=2 in reactor_node1
[        80294 DEBUG] /home/nokosan/ws/awkernel/applications/tests/test_dag/src/lib.rs:74: value=9 in reactor_node3
[        80325 DEBUG] /home/nokosan/ws/awkernel/applications/tests/test_dag/src/lib.rs:59: value=4 in reactor_node2
[        80355 DEBUG] /home/nokosan/ws/awkernel/applications/tests/test_dag/src/lib.rs:89: value=13 in reactor_node4