[awkernel USB diag OK]
[         2000 INFO] xHCI: PL2303 console writer registered (slot=1)
[         2001 INFO] Intel: no matching driver for vendor=0x8086, id=0xa36f, returning unknown_device
[         2001 INFO] Intel: no matching driver for vendor=0x8086, id=0xa370, returning unknown_device
[         2004 INFO] Intel: no matching driver for vendor=0x8086, id=0xa368, returning unknown_device
[         2013 INFO] Intel: no matching driver for vendor=0x8086, id=0xa369, returning unknown_device
[         2022 INFO] Intel: no matching driver for vendor=0x8086, id=0xa360, returning unknown_device
[         2031 INFO] Intel: no matching driver for vendor=0x8086, id=0xa353, returning unknown_device
[         2040 INFO] Intel: no matching driver for vendor=0x8086, id=0xa30d, returning unknown_device
[         2048 INFO] Intel: no matching driver for vendor=0x8086, id=0xa348, returning unknown_device
[         2057 INFO] Intel: no matching driver for vendor=0x8086, id=0xa323, returning unknown_device
[         2066 INFO] Intel: no matching driver for vendor=0x8086, id=0xa324, returning unknown_device
[         2075 INFO] PCIe: segment_group = 0000                                                        
Bus #00                                                                                                
    0000:00:00.0: Vendor ID = 8086, Device ID = 3ec4, PCIe Class = BridgeDevice(HostBridge)            
    0000:00:01.0: Bridge, Bus #01, status = [Capabilities List], command = [Bus Master, Memory Space, ]
        0000:01:00.0: Vendor ID = 10de, Device ID = 2191, PCIe Class = DisplayController               
        0000:01:00.1: Vendor ID = 10de, Device ID = 1aeb, PCIe Class = MultimediaController            
        0000:01:00.2 xHCI                                                                              
        0000:01:00.3: Vendor ID = 10de, Device ID = 1aed, PCIe Class = SerialBusController             
    0000:00:02.0: Vendor ID = 8086, Device ID = 3e9b, PCIe Class = DisplayController                   
    0000:00:12.0: Vendor ID = 8086, Device ID = a379, PCIe Class = SignalProcessingController          
    0000:00:14.0 xHCI                                                                                  
    0000:00:14.2: Vendor ID = 8086, Device ID = a36f, PCIe Class = MemoryController                    
    0000:00:14.3: Vendor ID = 8086, Device ID = a370, PCIe Class = NetworkController                   
    0000:00:15.0: Vendor ID = 8086, Device ID = a368, PCIe Class = SerialBusController                 
    0000:00:15.1: Vendor ID = 8086, Device ID = a369, PCIe Class = SerialBusController                 
    0000:00:16.0: Vendor ID = 8086, Device ID = a360, PCIe Class = SimpleCommunicationController       
    0000:00:17.0: Vendor ID = 8086, Device ID = a353, PCIe Class = MassStorageController(SerialAta)    
    0000:00:1b.0: Bridge, Bus #06, status = [Capabilities List], command = [Bus Master, Memory Space, ]
    0000:00:1d.0: Bridge, Bus #07, status = [Capabilities List], command = [Bus Master, Memory Space, ]
        0000:07:00.0: Vendor ID = 15b7, Device ID = 5003, PCIe Class = MassStorageController(Nvm(NvmEx)
    0000:00:1d.6: Bridge, Bus #08, status = [Capabilities List], command = [Bus Master, Memory Space, ]
        0000:08:00.0: Vendor ID = 10ec, Device ID = 5287, PCIe Class = UnassignedClass                 
        0000:08:00.1: Vendor ID = 10ec, Device ID = 8168, PCIe Class = NetworkController               
    0000:00:1f.0: Vendor ID = 8086, Device ID = a30d, PCIe Class = BridgeDevice(ISA)                   
    0000:00:1f.3: Vendor ID = 8086, Device ID = a348, PCIe Class = MultimediaController                
    0000:00:1f.4: Vendor ID = 8086, Device ID = a323, PCIe Class = SerialBusController                 
    0000:00:1f.5: Vendor ID = 8086, Device ID = a324, PCIe Class = SerialBusController                 
                                                                                                       
[         2383 INFO] CPU#1 is starting.                                                                
[         2383 INFO] CPU#2 is starting.                                                                
[         2383 INFO] CPU#3 is starting.                                                                
[         2383 INFO] CPU#4 is starting.                                                                
[         2384 INFO] CPU#5 is starting.                                                                
[         2384 INFO] CPU#6 is starting.                                                                
[         2384 INFO] CPU#7 is starting.                                                                
[         2385 INFO] CPU#8 is starting.                                                                
[         2389 INFO] CPU#9 is starting.                                                                
[         2392 INFO] CPU#10 is starting.                                                               
[         2396 INFO] Synchronized TSCs.                                                                
[         2399 INFO] CPU#11 is starting.                                                               
[         2405 INFO] All CPUs are ready.                                                               
[         2407 INFO] RTC time: 2026-05-08 12:24:16                                                     
[         2411 INFO] CPU#0 is starting.                                                                
[         2415 INFO] x2APIC: IRQ #254 has been enabled on CPU#0.                                       
[         2420 INFO] interrupt::INTERRUPT_CONTROLLER has been initialized.                             
[         2427 INFO] interrupt::PREEMPT_FN has been initialized.                                       
[         2433 INFO] timer::TIMER has been initialized.                                                
[         2437 INFO] x2APIC: IRQ #255 has been enabled on CPU#10.                                      
[         2443 INFO] x2APIC: IRQ #254 has been enabled on CPU#10.                                      
[         2449 INFO] x2APIC: IRQ #255 has been enabled on CPU#11.                                      
[         2455 INFO] x2APIC: IRQ #254 has been enabled on CPU#11.                                      
[         2460 INFO] x2APIC: IRQ #253 has been enabled on CPU#11.                                      
[         2466 INFO] x2APIC: IRQ #253 has been enabled on CPU#10.                                      
[         2472 INFO] x2APIC: IRQ #255 has been enabled on CPU#1.                                       
[         2478 INFO] x2APIC: IRQ #254 has been enabled on CPU#1.                                       
[         2483 INFO] x2APIC: IRQ #253 has been enabled on CPU#1.                                       
[         2489 INFO] x2APIC: IRQ #255 has been enabled on CPU#5.                                       
[         2495 INFO] x2APIC: IRQ #254 has been enabled on CPU#5.                                       
[         2500 INFO] x2APIC: IRQ #253 has been enabled on CPU#5.                                       
[         2506 INFO] x2APIC: IRQ #255 has been enabled on CPU#4.                                       
[         2512 INFO] x2APIC: IRQ #254 has been enabled on CPU#4.                                       
[         2517 INFO] x2APIC: IRQ #253 has been enabled on CPU#4.                                       
[         2523 INFO] x2APIC: IRQ #255 has been enabled on CPU#3.                                       
[         2529 INFO] x2APIC: IRQ #254 has been enabled on CPU#3.                                       
[         2534 INFO] x2APIC: IRQ #253 has been enabled on CPU#3.                                       
[         2540 INFO] x2APIC: IRQ #255 has been enabled on CPU#2.                                       
[         2546 INFO] x2APIC: IRQ #254 has been enabled on CPU#2.                                       
[         2551 INFO] x2APIC: IRQ #253 has been enabled on CPU#2.                                       
[         2557 INFO] x2APIC: IRQ #255 has been enabled on CPU#9.                                       
[         2563 INFO] x2APIC: IRQ #254 has been enabled on CPU#9.                                       
[         2568 INFO] x2APIC: IRQ #253 has been enabled on CPU#9.                                       
[         2574 INFO] x2APIC: IRQ #255 has been enabled on CPU#8.                                       
[         2580 INFO] x2APIC: IRQ #254 has been enabled on CPU#8.                                       
[         2585 INFO] x2APIC: IRQ #253 has been enabled on CPU#8.                                       
[         2591 INFO] x2APIC: IRQ #255 has been enabled on CPU#7.                                       
[         2597 INFO] x2APIC: IRQ #254 has been enabled on CPU#7.                                       
[         2602 INFO] x2APIC: IRQ #253 has been enabled on CPU#7.                                       
[         2608 INFO] x2APIC: IRQ #255 has been enabled on CPU#6.                                       
[         2614 INFO] x2APIC: IRQ #254 has been enabled on CPU#6.                                       
[         2619 INFO] x2APIC: IRQ #253 has been enabled on CPU#6.                                       
[         2625 INFO] x2APIC: IRQ #253 has been enabled on CPU#0.                                       
[         2631 INFO] A local timer has been initialized.                                               
[         2636 INFO] Starting [Awkernel] network service.                                              
[         2641 INFO] Network service: TCP garbage collector spawned                                    
[         2646 INFO] Network service: Network interface poller spawned                                 
[         2646 INFO] Network service: Getting all interfaces                                           
[         2646 INFO] net::get_all_interface: start                                                     
[         2646 INFO] net::get_all_interface: lock acquired                                             
[         2646 INFO] net::get_all_interface: ids collected = 0                                         
[         3636 INFO] Start [Awkernel] shell.                                                           
                                                                                                       
Welcome to Awkernel!                                                                                   
                                                                                                       
You can use BLisp language as follows.                                                                 
https://ytakano.github.io/blisp/                                                                       
                                                                                                       
> (factorial 20)                                                                                       
2432902008176640000                                                                                    
> (+ 10 20)                                                                                            
30                                                                                                     
                                                                                                       
Enjoy!                                                                                                 
                                                                                                       
> [         4636 DEBUG] /home/nokosan/wd/awkernel/applications/tests/test_dag/src/lib.rs:18: period is]
[         4636 INFO] DAG created successfully                                                          
[         4736 DEBUG] /home/nokosan/wd/awkernel/applications/tests/test_dag/src/lib.rs:28: value=1 in e
[         4736 DEBUG] /home/nokosan/wd/awkernel/applications/tests/test_dag/src/lib.rs:43: value=2 in 1
[         4736 DEBUG] /home/nokosan/wd/awkernel/applications/tests/test_dag/src/lib.rs:59: value=4 in 2
[         4736 DEBUG] /home/nokosan/wd/awkernel/applications/tests/test_dag/src/lib.rs:74: value=9 in 3
[         4736 DEBUG] /home/nokosan/wd/awkernel/applications/tests/test_dag/src/lib.rs:89: value=13 in4
[         5736 DEBUG] /home/nokosan/wd/awkernel/applications/tests/test_dag/src/lib.rs:28: value=1 in e